Using pre-set license
Built from '2020.3/release' branch; Version is '2020.3.12f1 (b3b2c6512326) revision 11776710'; Using compiler version '192528614'; Build Type 'Release'
OS: 'Windows 10 Home; OS build 19042.1052; Version 2009; 64bit' Language: 'pl' Physical Memory: 8116 MB
BatchMode: 1, IsHumanControllingUs: 0, StartBugReporterOnCrash: 0, Is64bit: 1, IsPro: 0

 COMMAND LINE ARGUMENTS:
D:\Inity\2020.3.12f1\Editor\Unity.exe
-adb2
-batchMode
-noUpm
-name
AssetImportWorker0
-projectPath
F:/Nowy folder (3)/ARShooter
-logFile
Logs/AssetImportWorker0.log
-srvPort
58935
Successfully changed project path to: F:/Nowy folder (3)/ARShooter
F:/Nowy folder (3)/ARShooter
Using Asset Import Pipeline V2.
Refreshing native plugins compatible for Editor in 30.33 ms, found 2 plugins.
Preloading 0 native plugins for Editor in 0.00 ms.
Initialize engine version: 2020.3.12f1 (b3b2c6512326)
[Subsystems] Discovering subsystems at path D:/Inity/2020.3.12f1/Editor/Data/Resources/UnitySubsystems
[Subsystems] Discovering subsystems at path F:/Nowy folder (3)/ARShooter/Assets
GfxDevice: creating device client; threaded=0
Direct3D:
    Version:  Direct3D 11.0 [level 11.1]
    Renderer: NVIDIA GeForce GTX 1050 Ti (ID=0x1c82)
    Vendor:   
    VRAM:     4018 MB
    Driver:   27.21.14.6230
Initialize mono
Mono path[0] = 'D:/Inity/2020.3.12f1/Editor/Data/Managed'
Mono path[1] = 'D:/Inity/2020.3.12f1/Editor/Data/MonoBleedingEdge/lib/mono/unityjit'
Mono config path = 'D:/Inity/2020.3.12f1/Editor/Data/MonoBleedingEdge/etc'
Using monoOptions --debugger-agent=transport=dt_socket,embedding=1,server=y,suspend=n,address=127.0.0.1:56328
Begin MonoManager ReloadAssembly
Registering precompiled unity dll's ...
Register platform support module: D:/Inity/2020.3.12f1/Editor/Data/PlaybackEngines/WindowsStandaloneSupport/UnityEditor.WindowsStandalone.Extensions.dll
Registered in 0.001107 seconds.
Native extension for WindowsStandalone target not found
Refreshing native plugins compatible for Editor in 27.02 ms, found 2 plugins.
Preloading 0 native plugins for Editor in 0.00 ms.
Mono: successfully reloaded assembly
- Completed reload, in  1.359 seconds
Platform modules already initialized, skipping
Registering precompiled user dll's ...
Registered in 0.005177 seconds.
Begin MonoManager ReloadAssembly
Native extension for WindowsStandalone target not found
Refreshing native plugins compatible for Editor in 26.89 ms, found 2 plugins.
Preloading 0 native plugins for Editor in 0.00 ms.
Mono: successfully reloaded assembly
- Completed reload, in  0.884 seconds
Platform modules already initialized, skipping
========================================================================
Worker process is ready to serve import requests
Launched and connected shader compiler UnityShaderCompiler.exe after 0.10 seconds
Refreshing native plugins compatible for Editor in 0.43 ms, found 2 plugins.
Preloading 0 native plugins for Editor in 0.00 ms.
Unloading 1813 Unused Serialized files (Serialized files now loaded: 0)
System memory in use before: 78.4 MB.
System memory in use after: 78.4 MB.

Unloading 20 unused Assets to reduce memory usage. Loaded Objects now: 2247.
Total: 2.764600 ms (FindLiveObjects: 0.278300 ms CreateObjectMapping: 0.107300 ms MarkObjects: 2.240600 ms  DeleteObjects: 0.136900 ms)

AssetImportParameters requested are different than current active one (requested -> active):
  custom:framework-win-MediaFoundation: 216162199b28c13a410421893ffa2e32 -> 
  custom:video-decoder-ogg-theora: a1e56fd34408186e4bbccfd4996cb3dc -> 
  custom:container-muxer-webm: aa71ff27fc2769a1b78a27578f13a17b -> 
  custom:container-demuxer-webm: 4f35f7cbe854078d1ac9338744f61a02 -> 
  custom:container-demuxer-ogg: 62fdf1f143b41e24485cea50d1cbac27 -> 
  custom:video-encoder-webm-vp8: eb34c28f22e8b96e1ab97ce403110664 -> 
  custom:video-codec-MediaFoundation-h265: 746d11721c4dcdbdad8f713fa42b33f4 -> 
  custom:video-decoder-webm-vp8: 9c59270c3fd7afecdb556c50c9e8de78 -> 
  custom:audio-decoder-ogg-vorbis: bf7c407c2cedff20999df2af8eb42d56 -> 
  custom:audio-encoder-webm-vorbis: bf7c407c2cedff20999df2af8eb42d56 -> 
========================================================================
Received Import Request.
  path: Assets/Smoke/ParticleCloudWhite.png
  artifactKey: Guid(5b303ff28ad9368468a2edd759cf458d) Importer(815301076,1909f56bfc062723c751e8b465ee728b)
Start importing Assets/Smoke/ParticleCloudWhite.png using Guid(5b303ff28ad9368468a2edd759cf458d) Importer(815301076,1909f56bfc062723c751e8b465ee728b)  -> (artifact id: '3132fd069cbf71a4d94d7c0920ca12fa') in 0.434111 seconds 
  Import took 0.471819 seconds .

========================================================================
Received Import Request.
  Time since last request: 0.000337 seconds.
  path: Assets/Smoke/ParticleSmokeWhite.mat
  artifactKey: Guid(c50d77affeb31e14c9c062c282f13fc8) Importer(815301076,1909f56bfc062723c751e8b465ee728b)
Start importing Assets/Smoke/ParticleSmokeWhite.mat using Guid(c50d77affeb31e14c9c062c282f13fc8) Importer(815301076,1909f56bfc062723c751e8b465ee728b)  -> (artifact id: 'e14c34ef01e761e6235aefd3fa860a03') in 0.684382 seconds 
  Import took 0.710056 seconds .

========================================================================
Received Import Request.
  Time since last request: 0.000300 seconds.
  path: Assets/Smoke/Smoke.prefab
  artifactKey: Guid(1b9f4316433b24e92be0a740990a1e4d) Importer(815301076,1909f56bfc062723c751e8b465ee728b)
Start importing Assets/Smoke/Smoke.prefab using Guid(1b9f4316433b24e92be0a740990a1e4d) Importer(815301076,1909f56bfc062723c751e8b465ee728b)  -> (artifact id: 'bc2a82873d4035458710c74a8ae2507f') in 0.107091 seconds 
  Import took 0.117959 seconds .

========================================================================
Received Import Request.
  Time since last request: 0.000337 seconds.
  path: Assets/ARCoreSettings.asset
  artifactKey: Guid(1901e6fff3e14ef45b07505c4730f777) Importer(815301076,1909f56bfc062723c751e8b465ee728b)
Start importing Assets/ARCoreSettings.asset using Guid(1901e6fff3e14ef45b07505c4730f777) Importer(815301076,1909f56bfc062723c751e8b465ee728b)  -> (artifact id: 'db1034056fb13cb53204b61ed26d3e0d') in 0.088823 seconds 
  Import took 0.100610 seconds .

========================================================================
Received Import Request.
  Time since last request: 175.120848 seconds.
  path: Assets/Smoke
  artifactKey: Guid(ac125a67fa88d45b4842e82acc4ebd80) Importer(815301076,1909f56bfc062723c751e8b465ee728b)
Start importing Assets/Smoke using Guid(ac125a67fa88d45b4842e82acc4ebd80) Importer(815301076,1909f56bfc062723c751e8b465ee728b)  -> (artifact id: 'a75a62e67901a91442653a702b9acd6f') in 0.111178 seconds 
  Import took 0.126414 seconds .

========================================================================
Received Import Request.
  Time since last request: 8.963433 seconds.
  path: Assets/Sounds/balloon pop.mp3
  artifactKey: Guid(c225e599e964b66408a9be49ba6d9a03) Importer(815301076,1909f56bfc062723c751e8b465ee728b)
Start importing Assets/Sounds/balloon pop.mp3 using Guid(c225e599e964b66408a9be49ba6d9a03) Importer(815301076,1909f56bfc062723c751e8b465ee728b)  -> (artifact id: '2a3f1a974beaf00df1795886206c7158') in 0.466418 seconds 
  Import took 0.480865 seconds .

========================================================================
Received Import Request.
  Time since last request: 64.095272 seconds.
  path: Assets/Items/Prefabs
  artifactKey: Guid(ea75db1633de9472fbbc70e069c9cc10) Importer(815301076,1909f56bfc062723c751e8b465ee728b)
Start importing Assets/Items/Prefabs using Guid(ea75db1633de9472fbbc70e069c9cc10) Importer(815301076,1909f56bfc062723c751e8b465ee728b)  -> (artifact id: '03be5c6ee3663d91dc59e37bcdeaf754') in 0.116652 seconds 
  Import took 0.128731 seconds .

========================================================================
Received Import Request.
  Time since last request: 0.079123 seconds.
  path: Assets/Items/Prefabs/balloon1.prefab
  artifactKey: Guid(cb584ef685d16436d9e0e318f8ef950e) Importer(815301076,1909f56bfc062723c751e8b465ee728b)
Start importing Assets/Items/Prefabs/balloon1.prefab using Guid(cb584ef685d16436d9e0e318f8ef950e) Importer(815301076,1909f56bfc062723c751e8b465ee728b)  -> (artifact id: '65782e4d5c4897cd93dc43e9c63697e7') in 0.708800 seconds 
  Import took 0.785740 seconds .

========================================================================
Received Import Request.
  Time since last request: 0.000377 seconds.
  path: Assets/Items/Prefabs/balloon2.prefab
  artifactKey: Guid(9a294644b277347a081ed92a8408399e) Importer(815301076,1909f56bfc062723c751e8b465ee728b)
Start importing Assets/Items/Prefabs/balloon2.prefab using Guid(9a294644b277347a081ed92a8408399e) Importer(815301076,1909f56bfc062723c751e8b465ee728b)  -> (artifact id: 'f5526f08a4e847dce96dd7cf80302ed1') in 0.337635 seconds 
  Import took 0.359882 seconds .

========================================================================
Received Import Request.
  Time since last request: 0.000335 seconds.
  path: Assets/Items/Prefabs/balloon3.prefab
  artifactKey: Guid(bdf6eeb1b216c410c8f80921076cfe27) Importer(815301076,1909f56bfc062723c751e8b465ee728b)
Start importing Assets/Items/Prefabs/balloon3.prefab using Guid(bdf6eeb1b216c410c8f80921076cfe27) Importer(815301076,1909f56bfc062723c751e8b465ee728b)  -> (artifact id: '0f532ba1fc0d596ae6f817588328d2b1') in 0.288642 seconds 
  Import took 0.320605 seconds .

AssetImportWorkerClient::OnTransportError - code=2 error=End of file
