Using pre-set license
Built from '2020.3/release' branch; Version is '2020.3.12f1 (b3b2c6512326) revision 11776710'; Using compiler version '192528614'; Build Type 'Release'
OS: 'Windows 10 Home; OS build 19042.1052; Version 2009; 64bit' Language: 'pl' Physical Memory: 8116 MB
BatchMode: 1, IsHumanControllingUs: 0, StartBugReporterOnCrash: 0, Is64bit: 1, IsPro: 0

 COMMAND LINE ARGUMENTS:
D:\Inity\2020.3.12f1\Editor\Unity.exe
-adb2
-batchMode
-noUpm
-name
AssetImportWorker0
-projectPath
F:/Nowy folder (3)/ARDSWURPShoot
-logFile
Logs/AssetImportWorker0.log
-srvPort
58841
Successfully changed project path to: F:/Nowy folder (3)/ARDSWURPShoot
F:/Nowy folder (3)/ARDSWURPShoot
Using Asset Import Pipeline V2.
Refreshing native plugins compatible for Editor in 47.42 ms, found 2 plugins.
Preloading 0 native plugins for Editor in 0.00 ms.
Initialize engine version: 2020.3.12f1 (b3b2c6512326)
[Subsystems] Discovering subsystems at path D:/Inity/2020.3.12f1/Editor/Data/Resources/UnitySubsystems
[Subsystems] Discovering subsystems at path F:/Nowy folder (3)/ARDSWURPShoot/Assets
GfxDevice: creating device client; threaded=0
Direct3D:
    Version:  Direct3D 11.0 [level 11.1]
    Renderer: NVIDIA GeForce GTX 1050 Ti (ID=0x1c82)
    Vendor:   
    VRAM:     4018 MB
    Driver:   27.21.14.6230
Initialize mono
Mono path[0] = 'D:/Inity/2020.3.12f1/Editor/Data/Managed'
Mono path[1] = 'D:/Inity/2020.3.12f1/Editor/Data/MonoBleedingEdge/lib/mono/unityjit'
Mono config path = 'D:/Inity/2020.3.12f1/Editor/Data/MonoBleedingEdge/etc'
Using monoOptions --debugger-agent=transport=dt_socket,embedding=1,server=y,suspend=n,address=127.0.0.1:56620
Begin MonoManager ReloadAssembly
Registering precompiled unity dll's ...
Register platform support module: D:/Inity/2020.3.12f1/Editor/Data/PlaybackEngines/WindowsStandaloneSupport/UnityEditor.WindowsStandalone.Extensions.dll
Registered in 0.001122 seconds.
Native extension for WindowsStandalone target not found
Refreshing native plugins compatible for Editor in 44.18 ms, found 2 plugins.
Preloading 0 native plugins for Editor in 0.00 ms.
Mono: successfully reloaded assembly
- Completed reload, in  1.851 seconds
Platform modules already initialized, skipping
Registering precompiled user dll's ...
Registered in 0.006134 seconds.
Begin MonoManager ReloadAssembly
Native extension for WindowsStandalone target not found
Refreshing native plugins compatible for Editor in 45.22 ms, found 2 plugins.
Preloading 0 native plugins for Editor in 0.00 ms.
Mono: successfully reloaded assembly
- Completed reload, in  1.067 seconds
Platform modules already initialized, skipping
========================================================================
Worker process is ready to serve import requests
Shader 'Universal Render Pipeline/Particles/Lit': fallback shader 'Universal Render Pipeline/Particles/SimpleLit' not found
Shader 'Universal Render Pipeline/Particles/Lit': fallback shader 'Universal Render Pipeline/Particles/SimpleLit' not found
Launched and connected shader compiler UnityShaderCompiler.exe after 0.12 seconds
Refreshing native plugins compatible for Editor in 0.50 ms, found 2 plugins.
Preloading 0 native plugins for Editor in 0.00 ms.
Unloading 3114 Unused Serialized files (Serialized files now loaded: 0)
System memory in use before: 133.3 MB.
System memory in use after: 130.5 MB.

Unloading 56 unused Assets to reduce memory usage. Loaded Objects now: 3510.
Total: 3.493800 ms (FindLiveObjects: 0.275900 ms CreateObjectMapping: 0.109600 ms MarkObjects: 1.877200 ms  DeleteObjects: 1.230300 ms)

AssetImportParameters requested are different than current active one (requested -> active):
  custom:framework-win-MediaFoundation: 216162199b28c13a410421893ffa2e32 -> 
  custom:video-decoder-ogg-theora: a1e56fd34408186e4bbccfd4996cb3dc -> 
  custom:container-muxer-webm: aa71ff27fc2769a1b78a27578f13a17b -> 
  custom:container-demuxer-webm: 4f35f7cbe854078d1ac9338744f61a02 -> 
  custom:container-demuxer-ogg: 62fdf1f143b41e24485cea50d1cbac27 -> 
  custom:video-encoder-webm-vp8: eb34c28f22e8b96e1ab97ce403110664 -> 
  custom:video-codec-MediaFoundation-h265: 746d11721c4dcdbdad8f713fa42b33f4 -> 
  custom:video-decoder-webm-vp8: 9c59270c3fd7afecdb556c50c9e8de78 -> 
  custom:audio-decoder-ogg-vorbis: bf7c407c2cedff20999df2af8eb42d56 -> 
  custom:audio-encoder-webm-vorbis: bf7c407c2cedff20999df2af8eb42d56 -> 
========================================================================
Received Import Request.
  path: Assets
  artifactKey: Guid(00000000000000001000000000000000) Importer(815301076,1909f56bfc062723c751e8b465ee728b)
Start importing Assets using Guid(00000000000000001000000000000000) Importer(815301076,1909f56bfc062723c751e8b465ee728b)  -> (artifact id: '42d402b061de3733987d63b9cc3b64de') in 0.154277 seconds 
  Import took 0.158570 seconds .

========================================================================
Received Import Request.
  Time since last request: 3.461397 seconds.
  path: Assets
  artifactKey: Guid(00000000000000001000000000000000) Importer(815301076,1909f56bfc062723c751e8b465ee728b)
Start importing Assets using Guid(00000000000000001000000000000000) Importer(815301076,1909f56bfc062723c751e8b465ee728b)  -> (artifact id: '42d402b061de3733987d63b9cc3b64de') in 0.134209 seconds 
  Import took 0.138346 seconds .

========================================================================
Received Prepare
Registering precompiled user dll's ...
Registered in 0.022635 seconds.
Begin MonoManager ReloadAssembly
Native extension for WindowsStandalone target not found
Refreshing native plugins compatible for Editor in 0.55 ms, found 2 plugins.
Preloading 0 native plugins for Editor in 0.00 ms.
Mono: successfully reloaded assembly
- Completed reload, in  0.970 seconds
Platform modules already initialized, skipping
Script is not up to date after domain reload: guid(7d8660782822bd64392ebf359ef92417) path("Assets/SpawnScript.cs") state(2)
Switching build target platform(19) subTarget(0) extendedPlatform(0) -> platform(13) subTarget(537395200) extendedPlatform(0)
Shader 'Universal Render Pipeline/Particles/Lit': fallback shader 'Universal Render Pipeline/Particles/SimpleLit' not found
Shader 'Universal Render Pipeline/Particles/Lit': fallback shader 'Universal Render Pipeline/Particles/SimpleLit' not found
Refreshing native plugins compatible for Editor in 0.51 ms, found 2 plugins.
Preloading 0 native plugins for Editor in 0.00 ms.
Unloading 3037 Unused Serialized files (Serialized files now loaded: 0)
System memory in use before: 129.3 MB.
System memory in use after: 126.5 MB.

Unloading 51 unused Assets to reduce memory usage. Loaded Objects now: 3516.
Total: 3.955600 ms (FindLiveObjects: 0.364700 ms CreateObjectMapping: 0.134100 ms MarkObjects: 2.115400 ms  DeleteObjects: 1.340300 ms)

AssetImportParameters requested are different than current active one (requested -> active):
  custom:framework-win-MediaFoundation: 216162199b28c13a410421893ffa2e32 -> 
  custom:video-decoder-ogg-theora: a1e56fd34408186e4bbccfd4996cb3dc -> 
  custom:container-muxer-webm: aa71ff27fc2769a1b78a27578f13a17b -> 
  custom:container-demuxer-webm: 4f35f7cbe854078d1ac9338744f61a02 -> 
  custom:container-demuxer-ogg: 62fdf1f143b41e24485cea50d1cbac27 -> 
  custom:video-encoder-webm-vp8: eb34c28f22e8b96e1ab97ce403110664 -> 
  custom:video-codec-MediaFoundation-h265: 746d11721c4dcdbdad8f713fa42b33f4 -> 
  custom:video-decoder-webm-vp8: 9c59270c3fd7afecdb556c50c9e8de78 -> 
  custom:graphics/normal-map-encoding: 01000000000000000000000000000000 -> 02000000000000000000000000000000
  custom:audio-decoder-ogg-vorbis: bf7c407c2cedff20999df2af8eb42d56 -> 
  custom:audio-encoder-webm-vorbis: bf7c407c2cedff20999df2af8eb42d56 -> 
========================================================================
Received Prepare
Registering precompiled user dll's ...
Registered in 0.005810 seconds.
Begin MonoManager ReloadAssembly
Native extension for WindowsStandalone target not found
Refreshing native plugins compatible for Editor in 0.62 ms, found 2 plugins.
Preloading 0 native plugins for Editor in 0.00 ms.
Mono: successfully reloaded assembly
- Completed reload, in  0.882 seconds
Platform modules already initialized, skipping
Switching build target platform(19) subTarget(0) extendedPlatform(0) -> platform(13) subTarget(537395200) extendedPlatform(0)
Shader 'Universal Render Pipeline/Particles/Lit': fallback shader 'Universal Render Pipeline/Particles/SimpleLit' not found
Shader 'Universal Render Pipeline/Particles/Lit': fallback shader 'Universal Render Pipeline/Particles/SimpleLit' not found
Refreshing native plugins compatible for Editor in 0.52 ms, found 2 plugins.
Preloading 0 native plugins for Editor in 0.00 ms.
Unloading 3038 Unused Serialized files (Serialized files now loaded: 0)
System memory in use before: 129.3 MB.
System memory in use after: 126.6 MB.

Unloading 51 unused Assets to reduce memory usage. Loaded Objects now: 3521.
Total: 3.843800 ms (FindLiveObjects: 0.318000 ms CreateObjectMapping: 0.127200 ms MarkObjects: 2.077100 ms  DeleteObjects: 1.320700 ms)

AssetImportParameters requested are different than current active one (requested -> active):
  custom:framework-win-MediaFoundation: 216162199b28c13a410421893ffa2e32 -> 
  custom:video-decoder-ogg-theora: a1e56fd34408186e4bbccfd4996cb3dc -> 
  custom:container-muxer-webm: aa71ff27fc2769a1b78a27578f13a17b -> 
  custom:container-demuxer-webm: 4f35f7cbe854078d1ac9338744f61a02 -> 
  custom:container-demuxer-ogg: 62fdf1f143b41e24485cea50d1cbac27 -> 
  custom:video-encoder-webm-vp8: eb34c28f22e8b96e1ab97ce403110664 -> 
  custom:video-codec-MediaFoundation-h265: 746d11721c4dcdbdad8f713fa42b33f4 -> 
  custom:video-decoder-webm-vp8: 9c59270c3fd7afecdb556c50c9e8de78 -> 
  custom:graphics/normal-map-encoding: 01000000000000000000000000000000 -> 02000000000000000000000000000000
  custom:audio-decoder-ogg-vorbis: bf7c407c2cedff20999df2af8eb42d56 -> 
  custom:audio-encoder-webm-vorbis: bf7c407c2cedff20999df2af8eb42d56 -> 
========================================================================
Received Import Request.
  Time since last request: 259.718368 seconds.
  path: Assets/Smoke.prefab
  artifactKey: Guid(1483fcd39af93fe49a6c26f1a7ac1bbf) Importer(815301076,1909f56bfc062723c751e8b465ee728b)
Start importing Assets/Smoke.prefab using Guid(1483fcd39af93fe49a6c26f1a7ac1bbf) Importer(815301076,1909f56bfc062723c751e8b465ee728b)  -> (artifact id: '19b20a435524f9db03a403ec0332ef6a') in 0.138439 seconds 
  Import took 0.153558 seconds .

========================================================================
Received Import Request.
  Time since last request: 8.750718 seconds.
  path: Assets/balloon pop.mp3
  artifactKey: Guid(c674411ee45554f42959ab061f6fd987) Importer(815301076,1909f56bfc062723c751e8b465ee728b)
Start importing Assets/balloon pop.mp3 using Guid(c674411ee45554f42959ab061f6fd987) Importer(815301076,1909f56bfc062723c751e8b465ee728b)  -> (artifact id: '2501ef081ec807e36786a02df1d1a624') in 0.179372 seconds 
  Import took 0.184105 seconds .

========================================================================
Received Import Request.
  Time since last request: 24.746640 seconds.
  path: Assets/Smoke.prefab
  artifactKey: Guid(1483fcd39af93fe49a6c26f1a7ac1bbf) Importer(815301076,1909f56bfc062723c751e8b465ee728b)
Start importing Assets/Smoke.prefab using Guid(1483fcd39af93fe49a6c26f1a7ac1bbf) Importer(815301076,1909f56bfc062723c751e8b465ee728b)  -> (artifact id: 'a7299c8b84c2064f566260dee24b7a27') in 0.105479 seconds 
  Import took 0.109823 seconds .

========================================================================
Received Import Request.
  Time since last request: 40.238429 seconds.
  path: Assets/balloon1.prefab
  artifactKey: Guid(5d7e317dea621c746b4169393c5a639f) Importer(815301076,1909f56bfc062723c751e8b465ee728b)
Start importing Assets/balloon1.prefab using Guid(5d7e317dea621c746b4169393c5a639f) Importer(815301076,1909f56bfc062723c751e8b465ee728b)  -> (artifact id: 'fb039d9e8a130081b40b986cb8a95dea') in 0.226373 seconds 
  Import took 0.248248 seconds .

========================================================================
Received Import Request.
  Time since last request: 1.008793 seconds.
  path: Assets/balloon2.prefab
  artifactKey: Guid(cc47bc750e7386246853fe6b95c519b9) Importer(815301076,1909f56bfc062723c751e8b465ee728b)
Start importing Assets/balloon2.prefab using Guid(cc47bc750e7386246853fe6b95c519b9) Importer(815301076,1909f56bfc062723c751e8b465ee728b)  -> (artifact id: 'cacd923da14a8b5d51981b2002a38593') in 0.113437 seconds 
  Import took 0.128264 seconds .

========================================================================
Received Import Request.
  Time since last request: 1.267865 seconds.
  path: Assets/balloon3.prefab
  artifactKey: Guid(4270b772cc10af943aa4f19c967917ef) Importer(815301076,1909f56bfc062723c751e8b465ee728b)
Start importing Assets/balloon3.prefab using Guid(4270b772cc10af943aa4f19c967917ef) Importer(815301076,1909f56bfc062723c751e8b465ee728b)  -> (artifact id: '3f55849eef29669695966253c0dab895') in 0.106271 seconds 
  Import took 0.119128 seconds .

========================================================================
Received Prepare
Registering precompiled user dll's ...
Registered in 0.006076 seconds.
Begin MonoManager ReloadAssembly
Native extension for WindowsStandalone target not found
Refreshing native plugins compatible for Editor in 0.52 ms, found 2 plugins.
Preloading 0 native plugins for Editor in 0.00 ms.
Mono: successfully reloaded assembly
- Completed reload, in  0.932 seconds
Platform modules already initialized, skipping
Switching build target platform(19) subTarget(0) extendedPlatform(0) -> platform(13) subTarget(537395200) extendedPlatform(0)
Shader 'Universal Render Pipeline/Particles/Lit': fallback shader 'Universal Render Pipeline/Particles/SimpleLit' not found
Shader 'Universal Render Pipeline/Particles/Lit': fallback shader 'Universal Render Pipeline/Particles/SimpleLit' not found
Refreshing native plugins compatible for Editor in 0.58 ms, found 2 plugins.
Preloading 0 native plugins for Editor in 0.00 ms.
Unloading 3038 Unused Serialized files (Serialized files now loaded: 0)
System memory in use before: 134.5 MB.
System memory in use after: 131.8 MB.

Unloading 51 unused Assets to reduce memory usage. Loaded Objects now: 3573.
Total: 3.338600 ms (FindLiveObjects: 0.285700 ms CreateObjectMapping: 0.121300 ms MarkObjects: 1.803800 ms  DeleteObjects: 1.127000 ms)

AssetImportParameters requested are different than current active one (requested -> active):
  custom:framework-win-MediaFoundation: 216162199b28c13a410421893ffa2e32 -> 
  custom:video-decoder-ogg-theora: a1e56fd34408186e4bbccfd4996cb3dc -> 
  custom:container-muxer-webm: aa71ff27fc2769a1b78a27578f13a17b -> 
  custom:container-demuxer-webm: 4f35f7cbe854078d1ac9338744f61a02 -> 
  custom:container-demuxer-ogg: 62fdf1f143b41e24485cea50d1cbac27 -> 
  custom:video-encoder-webm-vp8: eb34c28f22e8b96e1ab97ce403110664 -> 
  custom:video-codec-MediaFoundation-h265: 746d11721c4dcdbdad8f713fa42b33f4 -> 
  custom:video-decoder-webm-vp8: 9c59270c3fd7afecdb556c50c9e8de78 -> 
  custom:graphics/normal-map-encoding: 01000000000000000000000000000000 -> 02000000000000000000000000000000
  custom:audio-decoder-ogg-vorbis: bf7c407c2cedff20999df2af8eb42d56 -> 
  custom:audio-encoder-webm-vorbis: bf7c407c2cedff20999df2af8eb42d56 -> 
========================================================================
Received Import Request.
  Time since last request: 74.693435 seconds.
  path: Assets/Items
  artifactKey: Guid(75192f01f0e7c44e2b072e062fd32e1c) Importer(815301076,1909f56bfc062723c751e8b465ee728b)
Start importing Assets/Items using Guid(75192f01f0e7c44e2b072e062fd32e1c) Importer(815301076,1909f56bfc062723c751e8b465ee728b)  -> (artifact id: 'edd7397f2d6be30d31e904fc63b0437a') in 0.098295 seconds 
  Import took 0.118408 seconds .

========================================================================
Received Import Request.
  Time since last request: 1.296418 seconds.
  path: Assets/Items/Prefabs
  artifactKey: Guid(ea75db1633de9472fbbc70e069c9cc10) Importer(815301076,1909f56bfc062723c751e8b465ee728b)
Start importing Assets/Items/Prefabs using Guid(ea75db1633de9472fbbc70e069c9cc10) Importer(815301076,1909f56bfc062723c751e8b465ee728b)  -> (artifact id: '03be5c6ee3663d91dc59e37bcdeaf754') in 0.105278 seconds 
  Import took 0.110407 seconds .

========================================================================
Received Import Request.
  Time since last request: 0.000265 seconds.
  path: Assets/Items/Prefabs/balloon2.prefab
  artifactKey: Guid(9a294644b277347a081ed92a8408399e) Importer(815301076,1909f56bfc062723c751e8b465ee728b)
Start importing Assets/Items/Prefabs/balloon2.prefab using Guid(9a294644b277347a081ed92a8408399e) Importer(815301076,1909f56bfc062723c751e8b465ee728b)  -> (artifact id: '6bbbe4d5a16a5992d51fa2d9f35fe6cd') in 0.684497 seconds 
  Import took 0.688408 seconds .

========================================================================
Received Import Request.
  Time since last request: 0.000254 seconds.
  path: Assets/Items/Prefabs/balloon3.prefab
  artifactKey: Guid(bdf6eeb1b216c410c8f80921076cfe27) Importer(815301076,1909f56bfc062723c751e8b465ee728b)
Start importing Assets/Items/Prefabs/balloon3.prefab using Guid(bdf6eeb1b216c410c8f80921076cfe27) Importer(815301076,1909f56bfc062723c751e8b465ee728b)  -> (artifact id: 'cf4fa62eae6b17961e147cd19d13b33b') in 0.140098 seconds 
  Import took 0.151053 seconds .

========================================================================
Received Import Request.
  Time since last request: 0.000240 seconds.
  path: Assets/Items/Prefabs/balloon1.prefab
  artifactKey: Guid(cb584ef685d16436d9e0e318f8ef950e) Importer(815301076,1909f56bfc062723c751e8b465ee728b)
Start importing Assets/Items/Prefabs/balloon1.prefab using Guid(cb584ef685d16436d9e0e318f8ef950e) Importer(815301076,1909f56bfc062723c751e8b465ee728b)  -> (artifact id: '388df7012a190ce4fde71a8a4ecffda1') in 0.155232 seconds 
  Import took 0.159347 seconds .

========================================================================
Received Import Request.
  Time since last request: 30.179731 seconds.
  path: Assets/Materials/Skybox_Mat.mat
  artifactKey: Guid(0ffaa0b7117ba8c47a9d05ae701d4b4d) Importer(815301076,1909f56bfc062723c751e8b465ee728b)
Start importing Assets/Materials/Skybox_Mat.mat using Guid(0ffaa0b7117ba8c47a9d05ae701d4b4d) Importer(815301076,1909f56bfc062723c751e8b465ee728b)  -> (artifact id: '4d54ab3375f41efad00566dcae11def2') in 0.372871 seconds 
  Import took 0.389184 seconds .

========================================================================
Received Import Request.
  Time since last request: 0.164826 seconds.
  path: Assets/Presets/AudioCompressedInMemory.preset
  artifactKey: Guid(2dd802e4d37c65149922028d3e973832) Importer(815301076,1909f56bfc062723c751e8b465ee728b)
Start importing Assets/Presets/AudioCompressedInMemory.preset using Guid(2dd802e4d37c65149922028d3e973832) Importer(815301076,1909f56bfc062723c751e8b465ee728b)  -> (artifact id: 'ac4de02398cfe62c06251b0f50233ebf') in 0.175059 seconds 
  Import took 0.196629 seconds .

========================================================================
Received Import Request.
  Time since last request: 0.000279 seconds.
  path: Assets/Presets/AudioStreaming.preset
  artifactKey: Guid(86bcce7f5575b54408aa0f3a7d321039) Importer(815301076,1909f56bfc062723c751e8b465ee728b)
Start importing Assets/Presets/AudioStreaming.preset using Guid(86bcce7f5575b54408aa0f3a7d321039) Importer(815301076,1909f56bfc062723c751e8b465ee728b)  -> (artifact id: '9982fbd60bc57b892b2c54d34a0163c0') in 0.245579 seconds 
  Import took 0.250110 seconds .

========================================================================
Received Import Request.
  Time since last request: 0.000303 seconds.
  path: Assets/Presets/NormalTexture.preset
  artifactKey: Guid(14a57cf3b9fa1c74b884aa7e0dcf1faa) Importer(815301076,1909f56bfc062723c751e8b465ee728b)
Start importing Assets/Presets/NormalTexture.preset using Guid(14a57cf3b9fa1c74b884aa7e0dcf1faa) Importer(815301076,1909f56bfc062723c751e8b465ee728b)  -> (artifact id: '9c195482fc53bc4f53f643643f636469') in 0.166119 seconds 
  Import took 0.169963 seconds .

========================================================================
Received Import Request.
  Time since last request: 0.000293 seconds.
  path: Assets/Presets/UtilityTexture.preset
  artifactKey: Guid(45f7b2e3c78185248b3adbb14429c2ab) Importer(815301076,1909f56bfc062723c751e8b465ee728b)
Start importing Assets/Presets/UtilityTexture.preset using Guid(45f7b2e3c78185248b3adbb14429c2ab) Importer(815301076,1909f56bfc062723c751e8b465ee728b)  -> (artifact id: 'ab9c1faeeb59b745cafa0ae79c874a42') in 0.090719 seconds 
  Import took 0.094364 seconds .

========================================================================
Received Import Request.
  Time since last request: 0.365654 seconds.
  path: Assets/Settings/ForwardRenderer.asset
  artifactKey: Guid(4a8e21d5c33334b11b34a596161b9360) Importer(815301076,1909f56bfc062723c751e8b465ee728b)
Start importing Assets/Settings/ForwardRenderer.asset using Guid(4a8e21d5c33334b11b34a596161b9360) Importer(815301076,1909f56bfc062723c751e8b465ee728b)  -> (artifact id: '63cf95242464b0f1307a08bc2392aaaa') in 0.118721 seconds 
  Import took 0.123082 seconds .

========================================================================
Received Import Request.
  Time since last request: 0.000281 seconds.
  path: Assets/Settings/SampleSceneProfile.asset
  artifactKey: Guid(10fc4df2da32a41aaa32d77bc913491c) Importer(815301076,1909f56bfc062723c751e8b465ee728b)
Start importing Assets/Settings/SampleSceneProfile.asset using Guid(10fc4df2da32a41aaa32d77bc913491c) Importer(815301076,1909f56bfc062723c751e8b465ee728b)  -> (artifact id: 'd2b3f476ab718b1cf20d183dd9addfe7') in 0.073627 seconds 
  Import took 0.077595 seconds .

========================================================================
Received Import Request.
  Time since last request: 0.000222 seconds.
  path: Assets/Settings/UniversalRP-LowQuality.asset
  artifactKey: Guid(a31e9f9f9c9d4b9429ed0d1234e22103) Importer(815301076,1909f56bfc062723c751e8b465ee728b)
Start importing Assets/Settings/UniversalRP-LowQuality.asset using Guid(a31e9f9f9c9d4b9429ed0d1234e22103) Importer(815301076,1909f56bfc062723c751e8b465ee728b)  -> (artifact id: 'b226a0bb157262eadf686f6bb5b5f1f8') in 0.073752 seconds 
  Import took 0.091068 seconds .

========================================================================
Received Import Request.
  Time since last request: 0.000278 seconds.
  path: Assets/Settings/UniversalRP-MediumQuality.asset
  artifactKey: Guid(d847b876476d3d6468f5dfcd34266f96) Importer(815301076,1909f56bfc062723c751e8b465ee728b)
Start importing Assets/Settings/UniversalRP-MediumQuality.asset using Guid(d847b876476d3d6468f5dfcd34266f96) Importer(815301076,1909f56bfc062723c751e8b465ee728b)  -> (artifact id: 'd421f548a6507a11f25ec3578746e9c1') in 0.093140 seconds 
  Import took 0.097433 seconds .

========================================================================
Received Import Request.
  Time since last request: 0.000325 seconds.
  path: Assets/Settings/UniversalRP-HighQuality.asset
  artifactKey: Guid(19ba41d7c0026c3459d37c2fe90c55a0) Importer(815301076,1909f56bfc062723c751e8b465ee728b)
Start importing Assets/Settings/UniversalRP-HighQuality.asset using Guid(19ba41d7c0026c3459d37c2fe90c55a0) Importer(815301076,1909f56bfc062723c751e8b465ee728b)  -> (artifact id: '02e18c1f933b70f494440bf5e7626866') in 0.228704 seconds 
  Import took 0.246109 seconds .

========================================================================
Received Prepare
Registering precompiled user dll's ...
Registered in 0.006669 seconds.
Begin MonoManager ReloadAssembly
Native extension for WindowsStandalone target not found
Refreshing native plugins compatible for Editor in 0.81 ms, found 2 plugins.
Preloading 0 native plugins for Editor in 0.00 ms.
Mono: successfully reloaded assembly
- Completed reload, in  0.915 seconds
Platform modules already initialized, skipping
Switching build target platform(19) subTarget(0) extendedPlatform(0) -> platform(13) subTarget(537395200) extendedPlatform(0)
Shader 'Universal Render Pipeline/Particles/Lit': fallback shader 'Universal Render Pipeline/Particles/SimpleLit' not found
Shader 'Universal Render Pipeline/Particles/Lit': fallback shader 'Universal Render Pipeline/Particles/SimpleLit' not found
Refreshing native plugins compatible for Editor in 0.53 ms, found 2 plugins.
Preloading 0 native plugins for Editor in 0.00 ms.
Unloading 3040 Unused Serialized files (Serialized files now loaded: 0)
System memory in use before: 135.4 MB.
System memory in use after: 132.7 MB.

Unloading 51 unused Assets to reduce memory usage. Loaded Objects now: 3651.
Total: 3.916700 ms (FindLiveObjects: 0.276100 ms CreateObjectMapping: 0.115600 ms MarkObjects: 2.126100 ms  DeleteObjects: 1.398300 ms)

AssetImportParameters requested are different than current active one (requested -> active):
  custom:framework-win-MediaFoundation: 216162199b28c13a410421893ffa2e32 -> 
  custom:video-decoder-ogg-theora: a1e56fd34408186e4bbccfd4996cb3dc -> 
  custom:container-muxer-webm: aa71ff27fc2769a1b78a27578f13a17b -> 
  custom:container-demuxer-webm: 4f35f7cbe854078d1ac9338744f61a02 -> 
  custom:container-demuxer-ogg: 62fdf1f143b41e24485cea50d1cbac27 -> 
  custom:video-encoder-webm-vp8: eb34c28f22e8b96e1ab97ce403110664 -> 
  custom:video-codec-MediaFoundation-h265: 746d11721c4dcdbdad8f713fa42b33f4 -> 
  custom:video-decoder-webm-vp8: 9c59270c3fd7afecdb556c50c9e8de78 -> 
  custom:graphics/normal-map-encoding: 01000000000000000000000000000000 -> 02000000000000000000000000000000
  custom:audio-decoder-ogg-vorbis: bf7c407c2cedff20999df2af8eb42d56 -> 
  custom:audio-encoder-webm-vorbis: bf7c407c2cedff20999df2af8eb42d56 -> 
========================================================================
Received Import Request.
  Time since last request: 24.660344 seconds.
  path: Assets/Items/Prefabs/balloon1.prefab
  artifactKey: Guid(cb584ef685d16436d9e0e318f8ef950e) Importer(815301076,1909f56bfc062723c751e8b465ee728b)
Start importing Assets/Items/Prefabs/balloon1.prefab using Guid(cb584ef685d16436d9e0e318f8ef950e) Importer(815301076,1909f56bfc062723c751e8b465ee728b)  -> (artifact id: '88b26c4da0e48cc3c18eeb9fde8c9e78') in 0.290061 seconds 
  Import took 0.304539 seconds .

========================================================================
Received Import Request.
  Time since last request: 0.030424 seconds.
  path: Assets/Items/Prefabs/balloon1.prefab
  artifactKey: Guid(cb584ef685d16436d9e0e318f8ef950e) Importer(815301076,1909f56bfc062723c751e8b465ee728b)
Start importing Assets/Items/Prefabs/balloon1.prefab using Guid(cb584ef685d16436d9e0e318f8ef950e) Importer(815301076,1909f56bfc062723c751e8b465ee728b)  -> (artifact id: '88b26c4da0e48cc3c18eeb9fde8c9e78') in 0.132301 seconds 
  Import took 0.137248 seconds .

========================================================================
Received Import Request.
  Time since last request: 1.462959 seconds.
  path: Assets/Items/Prefabs/balloon2.prefab
  artifactKey: Guid(9a294644b277347a081ed92a8408399e) Importer(815301076,1909f56bfc062723c751e8b465ee728b)
Start importing Assets/Items/Prefabs/balloon2.prefab using Guid(9a294644b277347a081ed92a8408399e) Importer(815301076,1909f56bfc062723c751e8b465ee728b)  -> (artifact id: '784bec10692c922ba8638a9c62259ab4') in 0.132296 seconds 
  Import took 0.136698 seconds .

========================================================================
Received Import Request.
  Time since last request: 2.636459 seconds.
  path: Assets/Items/Prefabs/balloon3.prefab
  artifactKey: Guid(bdf6eeb1b216c410c8f80921076cfe27) Importer(815301076,1909f56bfc062723c751e8b465ee728b)
Start importing Assets/Items/Prefabs/balloon3.prefab using Guid(bdf6eeb1b216c410c8f80921076cfe27) Importer(815301076,1909f56bfc062723c751e8b465ee728b)  -> (artifact id: '9e83b3b4affe8133f770d2bad534788b') in 0.125489 seconds 
  Import took 0.143894 seconds .

========================================================================
Received Prepare
Registering precompiled user dll's ...
Registered in 0.005867 seconds.
Begin MonoManager ReloadAssembly
Native extension for WindowsStandalone target not found
Refreshing native plugins compatible for Editor in 0.55 ms, found 2 plugins.
Preloading 0 native plugins for Editor in 0.00 ms.
Mono: successfully reloaded assembly
- Completed reload, in  1.052 seconds
Platform modules already initialized, skipping
Switching build target platform(19) subTarget(0) extendedPlatform(0) -> platform(13) subTarget(537395200) extendedPlatform(0)
Shader 'Universal Render Pipeline/Particles/Lit': fallback shader 'Universal Render Pipeline/Particles/SimpleLit' not found
Shader 'Universal Render Pipeline/Particles/Lit': fallback shader 'Universal Render Pipeline/Particles/SimpleLit' not found
Refreshing native plugins compatible for Editor in 0.51 ms, found 2 plugins.
Preloading 0 native plugins for Editor in 0.00 ms.
Unloading 3038 Unused Serialized files (Serialized files now loaded: 0)
System memory in use before: 135.5 MB.
System memory in use after: 132.8 MB.

Unloading 51 unused Assets to reduce memory usage. Loaded Objects now: 3691.
Total: 4.483900 ms (FindLiveObjects: 0.279900 ms CreateObjectMapping: 0.101800 ms MarkObjects: 2.235000 ms  DeleteObjects: 1.866400 ms)

AssetImportParameters requested are different than current active one (requested -> active):
  custom:framework-win-MediaFoundation: 216162199b28c13a410421893ffa2e32 -> 
  custom:video-decoder-ogg-theora: a1e56fd34408186e4bbccfd4996cb3dc -> 
  custom:container-muxer-webm: aa71ff27fc2769a1b78a27578f13a17b -> 
  custom:container-demuxer-webm: 4f35f7cbe854078d1ac9338744f61a02 -> 
  custom:container-demuxer-ogg: 62fdf1f143b41e24485cea50d1cbac27 -> 
  custom:video-encoder-webm-vp8: eb34c28f22e8b96e1ab97ce403110664 -> 
  custom:video-codec-MediaFoundation-h265: 746d11721c4dcdbdad8f713fa42b33f4 -> 
  custom:video-decoder-webm-vp8: 9c59270c3fd7afecdb556c50c9e8de78 -> 
  custom:graphics/normal-map-encoding: 01000000000000000000000000000000 -> 02000000000000000000000000000000
  custom:audio-decoder-ogg-vorbis: bf7c407c2cedff20999df2af8eb42d56 -> 
  custom:audio-encoder-webm-vorbis: bf7c407c2cedff20999df2af8eb42d56 -> 
========================================================================
Received Prepare
Registering precompiled user dll's ...
Registered in 0.006076 seconds.
Begin MonoManager ReloadAssembly
Native extension for WindowsStandalone target not found
Refreshing native plugins compatible for Editor in 0.53 ms, found 2 plugins.
Preloading 0 native plugins for Editor in 0.00 ms.
Mono: successfully reloaded assembly
- Completed reload, in  0.953 seconds
Platform modules already initialized, skipping
Switching build target platform(19) subTarget(0) extendedPlatform(0) -> platform(13) subTarget(537395200) extendedPlatform(0)
Shader 'Universal Render Pipeline/Particles/Lit': fallback shader 'Universal Render Pipeline/Particles/SimpleLit' not found
Shader 'Universal Render Pipeline/Particles/Lit': fallback shader 'Universal Render Pipeline/Particles/SimpleLit' not found
Refreshing native plugins compatible for Editor in 0.52 ms, found 2 plugins.
Preloading 0 native plugins for Editor in 0.00 ms.
Unloading 3040 Unused Serialized files (Serialized files now loaded: 0)
System memory in use before: 135.7 MB.
System memory in use after: 133.0 MB.

Unloading 51 unused Assets to reduce memory usage. Loaded Objects now: 3697.
Total: 3.693000 ms (FindLiveObjects: 0.257700 ms CreateObjectMapping: 0.119600 ms MarkObjects: 1.996100 ms  DeleteObjects: 1.319000 ms)

AssetImportParameters requested are different than current active one (requested -> active):
  custom:framework-win-MediaFoundation: 216162199b28c13a410421893ffa2e32 -> 
  custom:video-decoder-ogg-theora: a1e56fd34408186e4bbccfd4996cb3dc -> 
  custom:container-muxer-webm: aa71ff27fc2769a1b78a27578f13a17b -> 
  custom:container-demuxer-webm: 4f35f7cbe854078d1ac9338744f61a02 -> 
  custom:container-demuxer-ogg: 62fdf1f143b41e24485cea50d1cbac27 -> 
  custom:video-encoder-webm-vp8: eb34c28f22e8b96e1ab97ce403110664 -> 
  custom:video-codec-MediaFoundation-h265: 746d11721c4dcdbdad8f713fa42b33f4 -> 
  custom:video-decoder-webm-vp8: 9c59270c3fd7afecdb556c50c9e8de78 -> 
  custom:graphics/normal-map-encoding: 01000000000000000000000000000000 -> 02000000000000000000000000000000
  custom:audio-decoder-ogg-vorbis: bf7c407c2cedff20999df2af8eb42d56 -> 
  custom:audio-encoder-webm-vorbis: bf7c407c2cedff20999df2af8eb42d56 -> 
========================================================================
Received Prepare
Switching build target platform(13) subTarget(537395200) extendedPlatform(0) -> platform(13) subTarget(524288) extendedPlatform(0)
Shader 'Universal Render Pipeline/Particles/Lit': fallback shader 'Universal Render Pipeline/Particles/SimpleLit' not found
Shader 'Universal Render Pipeline/Particles/Lit': fallback shader 'Universal Render Pipeline/Particles/SimpleLit' not found
Refreshing native plugins compatible for Editor in 2.97 ms, found 2 plugins.
Preloading 0 native plugins for Editor in 0.00 ms.
Unloading 48 Unused Serialized files (Serialized files now loaded: 0)
System memory in use before: 76.4 MB.
System memory in use after: 73.7 MB.

Unloading 48 unused Assets to reduce memory usage. Loaded Objects now: 3697.
Total: 4.578000 ms (FindLiveObjects: 0.295800 ms CreateObjectMapping: 0.110800 ms MarkObjects: 2.782400 ms  DeleteObjects: 1.388400 ms)

AssetImportParameters requested are different than current active one (requested -> active):
  buildTarget: platform 13, subtarget 524288, extendedPlatform 0 -> platform 13, subtarget 537395200, extendedPlatform 0
  graphicsApiMask: 2048 -> 2099200
  custom:framework-win-MediaFoundation: 216162199b28c13a410421893ffa2e32 -> 
  custom:video-decoder-ogg-theora: a1e56fd34408186e4bbccfd4996cb3dc -> 
  custom:container-muxer-webm: aa71ff27fc2769a1b78a27578f13a17b -> 
  custom:container-demuxer-webm: 4f35f7cbe854078d1ac9338744f61a02 -> 
  custom:container-demuxer-ogg: 62fdf1f143b41e24485cea50d1cbac27 -> 
  custom:video-encoder-webm-vp8: eb34c28f22e8b96e1ab97ce403110664 -> 
  custom:video-codec-MediaFoundation-h265: 746d11721c4dcdbdad8f713fa42b33f4 -> 
  custom:video-decoder-webm-vp8: 9c59270c3fd7afecdb556c50c9e8de78 -> 
  custom:audio-decoder-ogg-vorbis: bf7c407c2cedff20999df2af8eb42d56 -> 
  custom:audio-encoder-webm-vorbis: bf7c407c2cedff20999df2af8eb42d56 -> 
========================================================================
Received Import Request.
  Time since last request: 828.152389 seconds.
  path: Assets/Items/Balloon Materials/blue.mat
  artifactKey: Guid(4789f45d61d0b45a7a3614ac9d5d751b) Importer(815301076,1909f56bfc062723c751e8b465ee728b)
Start importing Assets/Items/Balloon Materials/blue.mat using Guid(4789f45d61d0b45a7a3614ac9d5d751b) Importer(815301076,1909f56bfc062723c751e8b465ee728b)  -> (artifact id: 'f11bf68d1b3f8128e63fa370ce8e1548') in 0.260255 seconds 
  Import took 0.265464 seconds .

========================================================================
Received Import Request.
  Time since last request: 0.000339 seconds.
  path: Assets/Items/Balloon Materials/string.png
  artifactKey: Guid(2660b0e9517d1489dac415178a408ed9) Importer(815301076,1909f56bfc062723c751e8b465ee728b)
Start importing Assets/Items/Balloon Materials/string.png using Guid(2660b0e9517d1489dac415178a408ed9) Importer(815301076,1909f56bfc062723c751e8b465ee728b)  -> (artifact id: '8343f90d81237835bb570ee4cebe00f8') in 0.162006 seconds 
  Import took 0.166225 seconds .

========================================================================
Received Import Request.
  Time since last request: 0.000295 seconds.
  path: Assets/Items/Balloon Materials/yellow.mat
  artifactKey: Guid(5dd62777f193a44eba33bf340976f38d) Importer(815301076,1909f56bfc062723c751e8b465ee728b)
Start importing Assets/Items/Balloon Materials/yellow.mat using Guid(5dd62777f193a44eba33bf340976f38d) Importer(815301076,1909f56bfc062723c751e8b465ee728b)  -> (artifact id: '19ca6fbe64349803277148146a304e06') in 0.184887 seconds 
  Import took 0.188527 seconds .

========================================================================
Received Import Request.
  Time since last request: 0.000293 seconds.
  path: Assets/Items/Balloon Materials/string.mat
  artifactKey: Guid(afd18e56202c14fe89b556c8c742f6a7) Importer(815301076,1909f56bfc062723c751e8b465ee728b)
Start importing Assets/Items/Balloon Materials/string.mat using Guid(afd18e56202c14fe89b556c8c742f6a7) Importer(815301076,1909f56bfc062723c751e8b465ee728b)  -> (artifact id: '66d8a01d909ab5afc8ac347e5651d73d') in 0.173490 seconds 
  Import took 0.177305 seconds .

========================================================================
Received Import Request.
  Time since last request: 0.000301 seconds.
  path: Assets/Items/Balloon Materials/red.mat
  artifactKey: Guid(203422fec566e498b8aa01a4cd760337) Importer(815301076,1909f56bfc062723c751e8b465ee728b)
Start importing Assets/Items/Balloon Materials/red.mat using Guid(203422fec566e498b8aa01a4cd760337) Importer(815301076,1909f56bfc062723c751e8b465ee728b)  -> (artifact id: '2cf0c6c03dcbbeabc55af26de7da7410') in 0.173417 seconds 
  Import took 0.177095 seconds .

========================================================================
Received Import Request.
  Time since last request: 24.790381 seconds.
  path: Assets/Images
  artifactKey: Guid(1dd067bf9a1c1154fad9137ff1dd508e) Importer(815301076,1909f56bfc062723c751e8b465ee728b)
Start importing Assets/Images using Guid(1dd067bf9a1c1154fad9137ff1dd508e) Importer(815301076,1909f56bfc062723c751e8b465ee728b)  -> (artifact id: '31366241870af120c61f42245d5efd87') in 0.118150 seconds 
  Import took 0.122644 seconds .

========================================================================
Received Import Request.
  Time since last request: 0.000293 seconds.
  path: Assets/Images/ShootButton_Img.png
  artifactKey: Guid(f5895c24349c33a42bcfb345868d8652) Importer(815301076,1909f56bfc062723c751e8b465ee728b)
Start importing Assets/Images/ShootButton_Img.png using Guid(f5895c24349c33a42bcfb345868d8652) Importer(815301076,1909f56bfc062723c751e8b465ee728b)  -> (artifact id: '374a445576fa6206ec58e0f4cbb8cb6b') in 0.162340 seconds 
  Import took 0.166561 seconds .

========================================================================
Received Import Request.
  Time since last request: 0.000284 seconds.
  path: Assets/Images/Aim.png
  artifactKey: Guid(ccfc8b9ef46f73645855ad9a13018f48) Importer(815301076,1909f56bfc062723c751e8b465ee728b)
Start importing Assets/Images/Aim.png using Guid(ccfc8b9ef46f73645855ad9a13018f48) Importer(815301076,1909f56bfc062723c751e8b465ee728b)  -> (artifact id: '7f5d8d43d77cf5ccf0b43b15b2a6472b') in 0.242475 seconds 
  Import took 0.246704 seconds .

========================================================================
Received Import Request.
  Time since last request: 7.757783 seconds.
  path: Assets/Images/New Material.mat
  artifactKey: Guid(2f2a16130bcf78c449e58ba0cb0ec7a6) Importer(815301076,1909f56bfc062723c751e8b465ee728b)
Start importing Assets/Images/New Material.mat using Guid(2f2a16130bcf78c449e58ba0cb0ec7a6) Importer(815301076,1909f56bfc062723c751e8b465ee728b)  -> (artifact id: '765948e6d876b2319c1b6a9e44da4566') in 0.145974 seconds 
  Import took 0.150714 seconds .

========================================================================
Received Import Request.
  Time since last request: 15.488390 seconds.
  path: Assets/ExampleAssets/Textures/Props/Construction_Light/ConstructionLight_Albedo.tif
  artifactKey: Guid(2ec6e1532acb1254f9f3797b5d82db44) Importer(815301076,1909f56bfc062723c751e8b465ee728b)
Start importing Assets/ExampleAssets/Textures/Props/Construction_Light/ConstructionLight_Albedo.tif using Guid(2ec6e1532acb1254f9f3797b5d82db44) Importer(815301076,1909f56bfc062723c751e8b465ee728b)  -> (artifact id: '56b744d6f60d1a86ff1d04cb594f3e73') in 0.185801 seconds 
  Import took 0.190171 seconds .

========================================================================
Received Import Request.
  Time since last request: 0.000287 seconds.
  path: Assets/ExampleAssets/Textures/Props/Construction_Light/ConstructionLight_MetallicOcculusionSmoothness.tif
  artifactKey: Guid(9a81f1a59f171804e84fce76584bdcb7) Importer(815301076,1909f56bfc062723c751e8b465ee728b)
Start importing Assets/ExampleAssets/Textures/Props/Construction_Light/ConstructionLight_MetallicOcculusionSmoothness.tif using Guid(9a81f1a59f171804e84fce76584bdcb7) Importer(815301076,1909f56bfc062723c751e8b465ee728b)  -> (artifact id: '3ecab77574e4c53a99e2c6f460b3af90') in 0.228796 seconds 
  Import took 0.232880 seconds .

========================================================================
Received Import Request.
  Time since last request: 0.000279 seconds.
  path: Assets/ExampleAssets/Textures/Props/Construction_Light/ConstructionLight_Albedo.tif
  artifactKey: Guid(2ec6e1532acb1254f9f3797b5d82db44) Importer(815301076,1909f56bfc062723c751e8b465ee728b)
Start importing Assets/ExampleAssets/Textures/Props/Construction_Light/ConstructionLight_Albedo.tif using Guid(2ec6e1532acb1254f9f3797b5d82db44) Importer(815301076,1909f56bfc062723c751e8b465ee728b)  -> (artifact id: '56b744d6f60d1a86ff1d04cb594f3e73') in 0.162091 seconds 
  Import took 0.166304 seconds .

========================================================================
Received Import Request.
  Time since last request: 0.000293 seconds.
  path: Assets/ExampleAssets/Textures/Plastic/Elastic_MetallicOcculusionSmoothness.tif
  artifactKey: Guid(f5df2fb0c070b57429f8ca23b216093b) Importer(815301076,1909f56bfc062723c751e8b465ee728b)
Start importing Assets/ExampleAssets/Textures/Plastic/Elastic_MetallicOcculusionSmoothness.tif using Guid(f5df2fb0c070b57429f8ca23b216093b) Importer(815301076,1909f56bfc062723c751e8b465ee728b)  -> (artifact id: 'ea8b5f2b114770c5bca4b81f94964e04') in 0.217967 seconds 
  Import took 0.222952 seconds .

========================================================================
Received Import Request.
  Time since last request: 0.000347 seconds.
  path: Assets/ExampleAssets/Textures/Drywall/Drywall_AlbedoSmoothness.tif
  artifactKey: Guid(3e11968c372730442aae3b4f7c909931) Importer(815301076,1909f56bfc062723c751e8b465ee728b)
Start importing Assets/ExampleAssets/Textures/Drywall/Drywall_AlbedoSmoothness.tif using Guid(3e11968c372730442aae3b4f7c909931) Importer(815301076,1909f56bfc062723c751e8b465ee728b)  -> (artifact id: '5b40bef8d26ed8e6020585d4c83f76db') in 0.299327 seconds 
  Import took 0.304688 seconds .

========================================================================
Received Import Request.
  Time since last request: 0.000382 seconds.
  path: Assets/ExampleAssets/Textures/Drywall/Drywall_Normal.tif
  artifactKey: Guid(e231e4c02c48ee14aafa55f7b1a843c1) Importer(815301076,1909f56bfc062723c751e8b465ee728b)
Start importing Assets/ExampleAssets/Textures/Drywall/Drywall_Normal.tif using Guid(e231e4c02c48ee14aafa55f7b1a843c1) Importer(815301076,1909f56bfc062723c751e8b465ee728b)  -> (artifact id: 'd3c0473e18dd42e2473f99e4e52679ba') in 0.388661 seconds 
  Import took 0.393264 seconds .

========================================================================
Received Import Request.
  Time since last request: 0.000305 seconds.
  path: Assets/ExampleAssets/Textures/Concrete/Ground_Albedo.tif
  artifactKey: Guid(87ce03bd447ccce48bbff87ac0d8355f) Importer(815301076,1909f56bfc062723c751e8b465ee728b)
Start importing Assets/ExampleAssets/Textures/Concrete/Ground_Albedo.tif using Guid(87ce03bd447ccce48bbff87ac0d8355f) Importer(815301076,1909f56bfc062723c751e8b465ee728b)  -> (artifact id: '73bfb7a6174b357112655c86d09db6df') in 0.228708 seconds 
  Import took 0.233424 seconds .

========================================================================
Received Import Request.
  Time since last request: 0.000296 seconds.
  path: Assets/ExampleAssets/Textures/Props/Hammer/Hammer_MetallicOcculusionSmoothness.tif
  artifactKey: Guid(6c509e4ae024b5e4faeefb92dab5c812) Importer(815301076,1909f56bfc062723c751e8b465ee728b)
Start importing Assets/ExampleAssets/Textures/Props/Hammer/Hammer_MetallicOcculusionSmoothness.tif using Guid(6c509e4ae024b5e4faeefb92dab5c812) Importer(815301076,1909f56bfc062723c751e8b465ee728b)  -> (artifact id: '210556383d1ff6d35e8d39672c72c918') in 0.228106 seconds 
  Import took 0.232918 seconds .

========================================================================
Received Import Request.
  Time since last request: 0.000301 seconds.
  path: Assets/ExampleAssets/Textures/Concrete/Ground_MetallicOcculusionSmoothness.tif
  artifactKey: Guid(a8d38587573a5f34c91c4ae0fbd8bfef) Importer(815301076,1909f56bfc062723c751e8b465ee728b)
Start importing Assets/ExampleAssets/Textures/Concrete/Ground_MetallicOcculusionSmoothness.tif using Guid(a8d38587573a5f34c91c4ae0fbd8bfef) Importer(815301076,1909f56bfc062723c751e8b465ee728b)  -> (artifact id: 'bc51270c519e5935af6db0be36641fb5') in 0.205876 seconds 
  Import took 0.218078 seconds .

========================================================================
Received Import Request.
  Time since last request: 0.000288 seconds.
  path: Assets/ExampleAssets/Textures/Props/Jigsaw/Jigsaw_MetallicOcculusionSmoothness.tif
  artifactKey: Guid(3017ed6fed9d3bb49ba99bf738e2d626) Importer(815301076,1909f56bfc062723c751e8b465ee728b)
Start importing Assets/ExampleAssets/Textures/Props/Jigsaw/Jigsaw_MetallicOcculusionSmoothness.tif using Guid(3017ed6fed9d3bb49ba99bf738e2d626) Importer(815301076,1909f56bfc062723c751e8b465ee728b)  -> (artifact id: '71c77bdf2c30ee2d58638bc467274543') in 0.290256 seconds 
  Import took 0.294558 seconds .

========================================================================
Received Import Request.
  Time since last request: 0.000372 seconds.
  path: Assets/ExampleAssets/Textures/Metal/Metal_MetallicSmoothness.tif
  artifactKey: Guid(40da0395b61db4448b98bab66d6b549c) Importer(815301076,1909f56bfc062723c751e8b465ee728b)
Start importing Assets/ExampleAssets/Textures/Metal/Metal_MetallicSmoothness.tif using Guid(40da0395b61db4448b98bab66d6b549c) Importer(815301076,1909f56bfc062723c751e8b465ee728b)  -> (artifact id: 'ef2c3a6fd126ee823348d34d437adaa8') in 0.395038 seconds 
  Import took 0.400263 seconds .

========================================================================
Received Import Request.
  Time since last request: 0.000344 seconds.
  path: Assets/ExampleAssets/Textures/Props/Paint/PaintAnimMask.tif
  artifactKey: Guid(5e98de278b2ccc14f89b76b85596a3f3) Importer(815301076,1909f56bfc062723c751e8b465ee728b)
Start importing Assets/ExampleAssets/Textures/Props/Paint/PaintAnimMask.tif using Guid(5e98de278b2ccc14f89b76b85596a3f3) Importer(815301076,1909f56bfc062723c751e8b465ee728b)  -> (artifact id: '3280307878047add731ae618b078e120') in 0.302877 seconds 
  Import took 0.306978 seconds .

========================================================================
Received Import Request.
  Time since last request: 0.000207 seconds.
  path: Assets/ExampleAssets/Textures/Wood/OBS_Albedo.tif
  artifactKey: Guid(7140a9bc83a12ea49a081dda89216fff) Importer(815301076,1909f56bfc062723c751e8b465ee728b)
Start importing Assets/ExampleAssets/Textures/Wood/OBS_Albedo.tif using Guid(7140a9bc83a12ea49a081dda89216fff) Importer(815301076,1909f56bfc062723c751e8b465ee728b)  -> (artifact id: '71b82d7d1df37a86aa44201c46fc8dd2') in 0.195651 seconds 
  Import took 0.199501 seconds .

========================================================================
Received Import Request.
  Time since last request: 0.000198 seconds.
  path: Assets/ExampleAssets/Textures/Wood/OBS_MetallicOcculusionSmoothness.tif
  artifactKey: Guid(22638a9216f1ebf4cb43273a00879f51) Importer(815301076,1909f56bfc062723c751e8b465ee728b)
Start importing Assets/ExampleAssets/Textures/Wood/OBS_MetallicOcculusionSmoothness.tif using Guid(22638a9216f1ebf4cb43273a00879f51) Importer(815301076,1909f56bfc062723c751e8b465ee728b)  -> (artifact id: '9f6b7da02a957c0be5a8e7dbb5857167') in 0.173646 seconds 
  Import took 0.177607 seconds .

========================================================================
Received Import Request.
  Time since last request: 0.000241 seconds.
  path: Assets/ExampleAssets/Textures/Wood/OBS_Normal.tif
  artifactKey: Guid(fcce267dfc966b6408dc2ebe0cfb60ed) Importer(815301076,1909f56bfc062723c751e8b465ee728b)
Start importing Assets/ExampleAssets/Textures/Wood/OBS_Normal.tif using Guid(fcce267dfc966b6408dc2ebe0cfb60ed) Importer(815301076,1909f56bfc062723c751e8b465ee728b)  -> (artifact id: '8cc98c5d5d56a4968b2acc8b17acf4aa') in 0.188189 seconds 
  Import took 0.192541 seconds .

========================================================================
Received Import Request.
  Time since last request: 0.000252 seconds.
  path: Assets/ExampleAssets/Textures/Metal/Metal_Normal.tif
  artifactKey: Guid(3b0b7c1f4ac9f6b499e27cf84e722ff4) Importer(815301076,1909f56bfc062723c751e8b465ee728b)
Start importing Assets/ExampleAssets/Textures/Metal/Metal_Normal.tif using Guid(3b0b7c1f4ac9f6b499e27cf84e722ff4) Importer(815301076,1909f56bfc062723c751e8b465ee728b)  -> (artifact id: '52dbdc54c81af9a4523d13c672953a0a') in 0.269511 seconds 
  Import took 0.273679 seconds .

========================================================================
Received Import Request.
  Time since last request: 0.000315 seconds.
  path: Assets/ExampleAssets/Textures/Props/Paint/Paint5G_AlbedoSmoothness.tif
  artifactKey: Guid(5d25a5cd577a4c54e94fdf9cc6f1a631) Importer(815301076,1909f56bfc062723c751e8b465ee728b)
Start importing Assets/ExampleAssets/Textures/Props/Paint/Paint5G_AlbedoSmoothness.tif using Guid(5d25a5cd577a4c54e94fdf9cc6f1a631) Importer(815301076,1909f56bfc062723c751e8b465ee728b)  -> (artifact id: 'c83b3da3d1b07d46cfa498d9a4fa5283') in 0.184126 seconds 
  Import took 0.188327 seconds .

========================================================================
Received Import Request.
  Time since last request: 0.000264 seconds.
  path: Assets/ExampleAssets/Textures/Props/Paint/Paint1G_Normal.tif
  artifactKey: Guid(ac80c335ebd6dde4fa54a82050064545) Importer(815301076,1909f56bfc062723c751e8b465ee728b)
Start importing Assets/ExampleAssets/Textures/Props/Paint/Paint1G_Normal.tif using Guid(ac80c335ebd6dde4fa54a82050064545) Importer(815301076,1909f56bfc062723c751e8b465ee728b)  -> (artifact id: '912f5faf02e51b28ff770480f3ee357f') in 0.161887 seconds 
  Import took 0.166220 seconds .

========================================================================
Received Import Request.
  Time since last request: 0.000202 seconds.
  path: Assets/ExampleAssets/Textures/Props/Paint/Paint1G_Albedo.tif
  artifactKey: Guid(2de0d72a6700bd94ea57111b29e246fc) Importer(815301076,1909f56bfc062723c751e8b465ee728b)
Start importing Assets/ExampleAssets/Textures/Props/Paint/Paint1G_Albedo.tif using Guid(2de0d72a6700bd94ea57111b29e246fc) Importer(815301076,1909f56bfc062723c751e8b465ee728b)  -> (artifact id: 'ff666bbead39aff09ec45d23a7d7fb55') in 0.173368 seconds 
  Import took 0.178026 seconds .

========================================================================
Received Import Request.
  Time since last request: 0.000344 seconds.
  path: Assets/ExampleAssets/Textures/Plastic/Elastic_Normal.tif
  artifactKey: Guid(db17334dfe5991a4bbe241ee9a728c38) Importer(815301076,1909f56bfc062723c751e8b465ee728b)
Start importing Assets/ExampleAssets/Textures/Plastic/Elastic_Normal.tif using Guid(db17334dfe5991a4bbe241ee9a728c38) Importer(815301076,1909f56bfc062723c751e8b465ee728b)  -> (artifact id: '34f95f64dcb3890ada876eb18bbddf27') in 0.150940 seconds 
  Import took 0.155257 seconds .

========================================================================
Received Import Request.
  Time since last request: 0.000462 seconds.
  path: Assets/ExampleAssets/Textures/Metal/Metal_Albedo.tif
  artifactKey: Guid(77583f99dea53b641804bb357092ec83) Importer(815301076,1909f56bfc062723c751e8b465ee728b)
Start importing Assets/ExampleAssets/Textures/Metal/Metal_Albedo.tif using Guid(77583f99dea53b641804bb357092ec83) Importer(815301076,1909f56bfc062723c751e8b465ee728b)  -> (artifact id: '246de0e06ebb7d62dc733103a37e0919') in 0.150179 seconds 
  Import took 0.154222 seconds .

========================================================================
Received Import Request.
  Time since last request: 0.000411 seconds.
  path: Assets/ExampleAssets/Textures/Props/Jigsaw/Jigsaw_Normal.tif
  artifactKey: Guid(06969fc081d8cc146af6634f75abe652) Importer(815301076,1909f56bfc062723c751e8b465ee728b)
Start importing Assets/ExampleAssets/Textures/Props/Jigsaw/Jigsaw_Normal.tif using Guid(06969fc081d8cc146af6634f75abe652) Importer(815301076,1909f56bfc062723c751e8b465ee728b)  -> (artifact id: 'b7848269d32ef6f47c48d13ba4b1147e') in 0.162133 seconds 
  Import took 0.180297 seconds .

========================================================================
Received Import Request.
  Time since last request: 0.000314 seconds.
  path: Assets/ExampleAssets/Textures/Drywall/Drywall_Albedo.tif
  artifactKey: Guid(eae496078d11426448124eaf8b285e6b) Importer(815301076,1909f56bfc062723c751e8b465ee728b)
Start importing Assets/ExampleAssets/Textures/Drywall/Drywall_Albedo.tif using Guid(eae496078d11426448124eaf8b285e6b) Importer(815301076,1909f56bfc062723c751e8b465ee728b)  -> (artifact id: 'c4fb94713767d1fc7f7a49e8b4a5a23a') in 0.331687 seconds 
  Import took 0.335702 seconds .

========================================================================
Received Import Request.
  Time since last request: 0.000448 seconds.
  path: Assets/ExampleAssets/Textures/Props/Hammer/Hammer_Albedo.tif
  artifactKey: Guid(59c8de363dc14c54986d0751c2c38342) Importer(815301076,1909f56bfc062723c751e8b465ee728b)
Start importing Assets/ExampleAssets/Textures/Props/Hammer/Hammer_Albedo.tif using Guid(59c8de363dc14c54986d0751c2c38342) Importer(815301076,1909f56bfc062723c751e8b465ee728b)  -> (artifact id: '2da4b0f2f21710835eef7f7240f26bf1') in 0.289651 seconds 
  Import took 0.294122 seconds .

========================================================================
Received Import Request.
  Time since last request: 0.000331 seconds.
  path: Assets/ExampleAssets/Textures/Props/Jigsaw/Jigsaw_Albedo.tif
  artifactKey: Guid(b3f247b26e080ca468f1daa963c192ee) Importer(815301076,1909f56bfc062723c751e8b465ee728b)
Start importing Assets/ExampleAssets/Textures/Props/Jigsaw/Jigsaw_Albedo.tif using Guid(b3f247b26e080ca468f1daa963c192ee) Importer(815301076,1909f56bfc062723c751e8b465ee728b)  -> (artifact id: 'c4eb1dd932f9233e47c7c401b8affc2e') in 0.150585 seconds 
  Import took 0.154787 seconds .

========================================================================
Received Import Request.
  Time since last request: 0.000296 seconds.
  path: Assets/ExampleAssets/Textures/Props/Hammer/Hammer_Normal.tif
  artifactKey: Guid(c517a9b1527aec343806327b47ad22df) Importer(815301076,1909f56bfc062723c751e8b465ee728b)
Start importing Assets/ExampleAssets/Textures/Props/Hammer/Hammer_Normal.tif using Guid(c517a9b1527aec343806327b47ad22df) Importer(815301076,1909f56bfc062723c751e8b465ee728b)  -> (artifact id: '4ce92c3370c6546fe241d9cdbf89988d') in 0.162370 seconds 
  Import took 0.166661 seconds .

========================================================================
Received Import Request.
  Time since last request: 0.000277 seconds.
  path: Assets/ExampleAssets/Textures/Concrete/Ground_Normal.tif
  artifactKey: Guid(fab85e0cacda9644a99e5182a86b71f5) Importer(815301076,1909f56bfc062723c751e8b465ee728b)
Start importing Assets/ExampleAssets/Textures/Concrete/Ground_Normal.tif using Guid(fab85e0cacda9644a99e5182a86b71f5) Importer(815301076,1909f56bfc062723c751e8b465ee728b)  -> (artifact id: 'a1ef3fe9dd8f15fef0e97258c6eea2c9') in 0.172942 seconds 
  Import took 0.176859 seconds .

========================================================================
Received Import Request.
  Time since last request: 0.000320 seconds.
  path: Assets/ExampleAssets/Textures/Props/Paint/Paint1G_MetallicOcculusionRoughness.tif
  artifactKey: Guid(ca084ebab0cef7c4ba746cdb442f9c1e) Importer(815301076,1909f56bfc062723c751e8b465ee728b)
Start importing Assets/ExampleAssets/Textures/Props/Paint/Paint1G_MetallicOcculusionRoughness.tif using Guid(ca084ebab0cef7c4ba746cdb442f9c1e) Importer(815301076,1909f56bfc062723c751e8b465ee728b)  -> (artifact id: 'de470a80972a5622dd605adc3549bb0f') in 0.162798 seconds 
  Import took 0.166679 seconds .

========================================================================
Received Import Request.
  Time since last request: 0.000354 seconds.
  path: Assets/ExampleAssets/Textures/Drywall/DrywallPainted_Normal.tif
  artifactKey: Guid(2cd242c9999e92b4ca96dab876cfaf13) Importer(815301076,1909f56bfc062723c751e8b465ee728b)
Start importing Assets/ExampleAssets/Textures/Drywall/DrywallPainted_Normal.tif using Guid(2cd242c9999e92b4ca96dab876cfaf13) Importer(815301076,1909f56bfc062723c751e8b465ee728b)  -> (artifact id: 'be1c9fbdffa63b0f57786126ec7d767b') in 0.273020 seconds 
  Import took 0.276747 seconds .

========================================================================
Received Import Request.
  Time since last request: 0.000279 seconds.
  path: Assets/TutorialInfo/Icons/Help_Icon.png
  artifactKey: Guid(34f556d724b1bbf4097ca6220db2c581) Importer(815301076,1909f56bfc062723c751e8b465ee728b)
Start importing Assets/TutorialInfo/Icons/Help_Icon.png using Guid(34f556d724b1bbf4097ca6220db2c581) Importer(815301076,1909f56bfc062723c751e8b465ee728b)  -> (artifact id: 'ba14bea76ca4ae4693694d2166b4b780') in 0.295471 seconds 
  Import took 0.299519 seconds .

========================================================================
Received Import Request.
  Time since last request: 111.471755 seconds.
  path: Assets/Images/New Material 1.mat
  artifactKey: Guid(406ed2001e5d7d5428b4ff9db9e6daa2) Importer(815301076,1909f56bfc062723c751e8b465ee728b)
Start importing Assets/Images/New Material 1.mat using Guid(406ed2001e5d7d5428b4ff9db9e6daa2) Importer(815301076,1909f56bfc062723c751e8b465ee728b)  -> (artifact id: '3d64ff9fa62d62aae5001d5c64696d57') in 0.153517 seconds 
  Import took 0.157875 seconds .

========================================================================
Received Import Request.
  Time since last request: 0.000442 seconds.
  path: Assets/Images/New Material.mat
  artifactKey: Guid(2f2a16130bcf78c449e58ba0cb0ec7a6) Importer(815301076,1909f56bfc062723c751e8b465ee728b)
Start importing Assets/Images/New Material.mat using Guid(2f2a16130bcf78c449e58ba0cb0ec7a6) Importer(815301076,1909f56bfc062723c751e8b465ee728b)  -> (artifact id: 'f5b2696cc4e19914a5b5bb36132a3f24') in 0.128735 seconds 
  Import took 0.138858 seconds .

========================================================================
Received Import Request.
  Time since last request: 49.270222 seconds.
  path: Assets/Presets/Defaults/AlbedoTexture_Default.preset
  artifactKey: Guid(e8537455c6c08bd4e8bf0be3707da685) Importer(815301076,1909f56bfc062723c751e8b465ee728b)
Start importing Assets/Presets/Defaults/AlbedoTexture_Default.preset using Guid(e8537455c6c08bd4e8bf0be3707da685) Importer(815301076,1909f56bfc062723c751e8b465ee728b)  -> (artifact id: 'a39f5c6fcb9ea97bf434963b23d33ea7') in 0.133120 seconds 
  Import took 0.137656 seconds .

========================================================================
Received Import Request.
  Time since last request: 0.000299 seconds.
  path: Assets/XR/Settings/AR Core Settings.asset
  artifactKey: Guid(ca75d8807a8a0df499a53f0d85903567) Importer(815301076,1909f56bfc062723c751e8b465ee728b)
Start importing Assets/XR/Settings/AR Core Settings.asset using Guid(ca75d8807a8a0df499a53f0d85903567) Importer(815301076,1909f56bfc062723c751e8b465ee728b)  -> (artifact id: 'fc33711747b7791eae3a84e2c1451813') in 0.106515 seconds 
  Import took 0.110738 seconds .

========================================================================
Received Import Request.
  Time since last request: 0.000273 seconds.
  path: Assets/ExampleAssets/Models/Workbench.fbx
  artifactKey: Guid(efe9381559c516743bd05cef82f39ebb) Importer(815301076,1909f56bfc062723c751e8b465ee728b)
Start importing Assets/ExampleAssets/Models/Workbench.fbx using Guid(efe9381559c516743bd05cef82f39ebb) Importer(815301076,1909f56bfc062723c751e8b465ee728b)  -> (artifact id: '9763579b58169ef327fd8d483de42484') in 1.095890 seconds 
  Import took 1.100566 seconds .

========================================================================
Received Import Request.
  Time since last request: 0.000306 seconds.
  path: Assets/XR/Loaders/AR Kit Loader.asset
  artifactKey: Guid(72eb4b4b815eeb741964a67720b397a7) Importer(815301076,1909f56bfc062723c751e8b465ee728b)
Start importing Assets/XR/Loaders/AR Kit Loader.asset using Guid(72eb4b4b815eeb741964a67720b397a7) Importer(815301076,1909f56bfc062723c751e8b465ee728b)  -> (artifact id: '9c789b3406c23fbcf963864fe63be0ae') in 0.116733 seconds 
  Import took 0.120913 seconds .

========================================================================
Received Import Request.
  Time since last request: 0.000362 seconds.
  path: Assets/XR/Settings/AR Kit Settings.asset
  artifactKey: Guid(90c44694d5d3aef49a0bf836a4dd6d3d) Importer(815301076,1909f56bfc062723c751e8b465ee728b)
Start importing Assets/XR/Settings/AR Kit Settings.asset using Guid(90c44694d5d3aef49a0bf836a4dd6d3d) Importer(815301076,1909f56bfc062723c751e8b465ee728b)  -> (artifact id: '4e4d1318dc5e0001cf709ff535e4b596') in 0.106390 seconds 
  Import took 0.111594 seconds .

========================================================================
Received Import Request.
  Time since last request: 0.000298 seconds.
  path: Assets/Presets/Defaults/AudioDecompressOnLoad.preset
  artifactKey: Guid(e7689051185d12f4298e1ebb2693a29f) Importer(815301076,1909f56bfc062723c751e8b465ee728b)
Start importing Assets/Presets/Defaults/AudioDecompressOnLoad.preset using Guid(e7689051185d12f4298e1ebb2693a29f) Importer(815301076,1909f56bfc062723c751e8b465ee728b)  -> (artifact id: '89d1cf06e67cef88edace491fed66d7e') in 0.128202 seconds 
  Import took 0.132296 seconds .

========================================================================
Received Import Request.
  Time since last request: 0.000293 seconds.
  path: Assets/XR/Loaders/AR Core Loader.asset
  artifactKey: Guid(27153f8f578d3fc48bc9dcaa21e192ad) Importer(815301076,1909f56bfc062723c751e8b465ee728b)
Start importing Assets/XR/Loaders/AR Core Loader.asset using Guid(27153f8f578d3fc48bc9dcaa21e192ad) Importer(815301076,1909f56bfc062723c751e8b465ee728b)  -> (artifact id: 'f4fd48eb6133fcae0f11b1727522f6a7') in 0.106917 seconds 
  Import took 0.110744 seconds .

========================================================================
Received Import Request.
  Time since last request: 0.000256 seconds.
  path: Assets/ExampleAssets/Models/Workbench_Low.fbx
  artifactKey: Guid(ff6dc36862fe41641bb21568d92147c9) Importer(815301076,1909f56bfc062723c751e8b465ee728b)
Start importing Assets/ExampleAssets/Models/Workbench_Low.fbx using Guid(ff6dc36862fe41641bb21568d92147c9) Importer(815301076,1909f56bfc062723c751e8b465ee728b)  -> (artifact id: '5f99d08570cdde3afaf55ae1a8262d9b') in 0.295700 seconds 
  Import took 0.299712 seconds .

========================================================================
Received Import Request.
  Time since last request: 0.000347 seconds.
  path: Assets/XR/XRGeneralSettings.asset
  artifactKey: Guid(aa278a377324cbb46bd57da8553277cd) Importer(815301076,1909f56bfc062723c751e8b465ee728b)
Start importing Assets/XR/XRGeneralSettings.asset using Guid(aa278a377324cbb46bd57da8553277cd) Importer(815301076,1909f56bfc062723c751e8b465ee728b)  -> (artifact id: '7ea9cddb743fa70adf2cebb6074adae3') in 0.172927 seconds 
  Import took 0.177008 seconds .

========================================================================
Received Import Request.
  Time since last request: 2.037218 seconds.
  path: Assets/ExampleAssets/Models/brush_low.fbx
  artifactKey: Guid(aed8c47425ab91f4eb06ce6fe47c3e4e) Importer(815301076,1909f56bfc062723c751e8b465ee728b)
Start importing Assets/ExampleAssets/Models/brush_low.fbx using Guid(aed8c47425ab91f4eb06ce6fe47c3e4e) Importer(815301076,1909f56bfc062723c751e8b465ee728b)  -> (artifact id: '635d704299d09186444d780076cd2dd8') in 0.302918 seconds 
  Import took 0.307246 seconds .

========================================================================
Received Import Request.
  Time since last request: 0.000272 seconds.
  path: Assets/ExampleAssets/Materials/ConstructionLight_Mat.mat
  artifactKey: Guid(49076442eeb7e054b8e8869f8b40656d) Importer(815301076,1909f56bfc062723c751e8b465ee728b)
Start importing Assets/ExampleAssets/Materials/ConstructionLight_Mat.mat using Guid(49076442eeb7e054b8e8869f8b40656d) Importer(815301076,1909f56bfc062723c751e8b465ee728b)  -> (artifact id: '057c629e9591e646e979d0fd0d9eba29') in 0.573477 seconds 
  Import took 0.577282 seconds .

========================================================================
Received Import Request.
  Time since last request: 0.000277 seconds.
  path: Assets/ExampleAssets/Prefabs/Construction Light Low.prefab
  artifactKey: Guid(bf0a225a9ff184f2789f3036faaa9150) Importer(815301076,1909f56bfc062723c751e8b465ee728b)
Start importing Assets/ExampleAssets/Prefabs/Construction Light Low.prefab using Guid(bf0a225a9ff184f2789f3036faaa9150) Importer(815301076,1909f56bfc062723c751e8b465ee728b)  -> (artifact id: 'e7f58ff27ec13109e29ca419c47d0c13') in 0.496105 seconds 
  Import took 0.500077 seconds .

========================================================================
Received Import Request.
  Time since last request: 0.000302 seconds.
  path: Assets/ExampleAssets/Models/ConstructionLight_Low.fbx
  artifactKey: Guid(e3ae06a3979f53046aa05330d69de1fa) Importer(815301076,1909f56bfc062723c751e8b465ee728b)
Start importing Assets/ExampleAssets/Models/ConstructionLight_Low.fbx using Guid(e3ae06a3979f53046aa05330d69de1fa) Importer(815301076,1909f56bfc062723c751e8b465ee728b)  -> (artifact id: 'dece8a94b94b429a6374af47412d2cbb') in 0.195509 seconds 
  Import took 0.199232 seconds .

========================================================================
Received Import Request.
  Time since last request: 2.068379 seconds.
  path: Assets/Items/Models/Balloon_Blue.fbx
  artifactKey: Guid(2b41056c0bf034f3982c88e47da6c313) Importer(815301076,1909f56bfc062723c751e8b465ee728b)
Start importing Assets/Items/Models/Balloon_Blue.fbx using Guid(2b41056c0bf034f3982c88e47da6c313) Importer(815301076,1909f56bfc062723c751e8b465ee728b)  -> (artifact id: '2d735573cdee337448f2760c9b049dc9') in 0.460633 seconds 
  Import took 0.465064 seconds .

========================================================================
Received Import Request.
  Time since last request: 0.000293 seconds.
  path: Assets/ExampleAssets/Textures/Props/Paint/Paintbrush_MetallicOcculusionSmoothness.tif
  artifactKey: Guid(888916a5e87c05948b1a97b3c0d42556) Importer(815301076,1909f56bfc062723c751e8b465ee728b)
Start importing Assets/ExampleAssets/Textures/Props/Paint/Paintbrush_MetallicOcculusionSmoothness.tif using Guid(888916a5e87c05948b1a97b3c0d42556) Importer(815301076,1909f56bfc062723c751e8b465ee728b)  -> (artifact id: 'f06ceb0230e4d16ef4c61e727ff504a1') in 0.228974 seconds 
  Import took 0.241486 seconds .

========================================================================
Received Import Request.
  Time since last request: 0.000293 seconds.
  path: Assets/ExampleAssets/Textures/Props/Paint/Paintbrush_Albedo.tif
  artifactKey: Guid(4675081b0baf66345adc734388155502) Importer(815301076,1909f56bfc062723c751e8b465ee728b)
Start importing Assets/ExampleAssets/Textures/Props/Paint/Paintbrush_Albedo.tif using Guid(4675081b0baf66345adc734388155502) Importer(815301076,1909f56bfc062723c751e8b465ee728b)  -> (artifact id: '1cb37c919e4dad9d0457a23db8885e23') in 0.277787 seconds 
  Import took 0.282221 seconds .

========================================================================
Received Import Request.
  Time since last request: 0.000354 seconds.
  path: Assets/ExampleAssets/Materials/PaintBrush_Mat.mat
  artifactKey: Guid(539165557a9d3744680bb21164bea45e) Importer(815301076,1909f56bfc062723c751e8b465ee728b)
Start importing Assets/ExampleAssets/Materials/PaintBrush_Mat.mat using Guid(539165557a9d3744680bb21164bea45e) Importer(815301076,1909f56bfc062723c751e8b465ee728b)  -> (artifact id: '94f8432233d9ceec849c9f270325d606') in 0.637729 seconds 
  Import took 0.641612 seconds .

========================================================================
Received Import Request.
  Time since last request: 0.000220 seconds.
  path: Assets/ExampleAssets/Prefabs/Workshop Set.prefab
  artifactKey: Guid(a87f0180d46fd334b9025d0314a0dc70) Importer(815301076,1909f56bfc062723c751e8b465ee728b)
Start importing Assets/ExampleAssets/Prefabs/Workshop Set.prefab using Guid(a87f0180d46fd334b9025d0314a0dc70) Importer(815301076,1909f56bfc062723c751e8b465ee728b)  -> (artifact id: 'cb1a72696c319eb08304e2a15d71b105') in 1.084930 seconds 
  Import took 1.089206 seconds .

========================================================================
Received Import Request.
  Time since last request: 0.000286 seconds.
  path: Assets/ExampleAssets/Models/Stud.fbx
  artifactKey: Guid(34624edaccd9d704a95ed404d919b492) Importer(815301076,1909f56bfc062723c751e8b465ee728b)
Start importing Assets/ExampleAssets/Models/Stud.fbx using Guid(34624edaccd9d704a95ed404d919b492) Importer(815301076,1909f56bfc062723c751e8b465ee728b)  -> (artifact id: 'fb17f227481600cbf7b05869a1581d00') in 0.228349 seconds 
  Import took 0.232341 seconds .

========================================================================
Received Import Request.
  Time since last request: 0.000249 seconds.
  path: Assets/ExampleAssets/Models/Workshop_Set.fbx
  artifactKey: Guid(47616bd0cda748d4cbedcfc908506b9d) Importer(815301076,1909f56bfc062723c751e8b465ee728b)
Start importing Assets/ExampleAssets/Models/Workshop_Set.fbx using Guid(47616bd0cda748d4cbedcfc908506b9d) Importer(815301076,1909f56bfc062723c751e8b465ee728b)  -> (artifact id: 'e07793a4d2b03e0e09167bfceb24a94b') in 0.217890 seconds 
  Import took 0.222315 seconds .

========================================================================
Received Import Request.
  Time since last request: 19.026963 seconds.
  path: Assets/SchootScript.cs
  artifactKey: Guid(c3d7b38206e8e964aa094c5b17ae9076) Importer(815301076,1909f56bfc062723c751e8b465ee728b)
Start importing Assets/SchootScript.cs using Guid(c3d7b38206e8e964aa094c5b17ae9076) Importer(815301076,1909f56bfc062723c751e8b465ee728b)  -> (artifact id: '8524eb2399a04ca0a2f7c199460c32b5') in 0.135959 seconds 
  Import took 0.151923 seconds .

========================================================================
Received Prepare
Registering precompiled user dll's ...
Registered in 0.006159 seconds.
Begin MonoManager ReloadAssembly
Native extension for WindowsStandalone target not found
Refreshing native plugins compatible for Editor in 0.56 ms, found 2 plugins.
Preloading 0 native plugins for Editor in 0.00 ms.
Mono: successfully reloaded assembly
- Completed reload, in  0.937 seconds
Platform modules already initialized, skipping
Switching build target platform(19) subTarget(0) extendedPlatform(0) -> platform(13) subTarget(524288) extendedPlatform(0)
Shader 'Universal Render Pipeline/Particles/Lit': fallback shader 'Universal Render Pipeline/Particles/SimpleLit' not found
Shader 'Universal Render Pipeline/Particles/Lit': fallback shader 'Universal Render Pipeline/Particles/SimpleLit' not found
Refreshing native plugins compatible for Editor in 0.52 ms, found 2 plugins.
Preloading 0 native plugins for Editor in 0.00 ms.
Unloading 3040 Unused Serialized files (Serialized files now loaded: 0)
System memory in use before: 136.3 MB.
System memory in use after: 133.5 MB.

Unloading 51 unused Assets to reduce memory usage. Loaded Objects now: 3743.
Total: 4.054000 ms (FindLiveObjects: 0.474000 ms CreateObjectMapping: 0.118900 ms MarkObjects: 2.112500 ms  DeleteObjects: 1.347400 ms)

AssetImportParameters requested are different than current active one (requested -> active):
  custom:framework-win-MediaFoundation: 216162199b28c13a410421893ffa2e32 -> 
  custom:video-decoder-ogg-theora: a1e56fd34408186e4bbccfd4996cb3dc -> 
  custom:container-muxer-webm: aa71ff27fc2769a1b78a27578f13a17b -> 
  custom:container-demuxer-webm: 4f35f7cbe854078d1ac9338744f61a02 -> 
  custom:container-demuxer-ogg: 62fdf1f143b41e24485cea50d1cbac27 -> 
  custom:video-encoder-webm-vp8: eb34c28f22e8b96e1ab97ce403110664 -> 
  custom:video-codec-MediaFoundation-h265: 746d11721c4dcdbdad8f713fa42b33f4 -> 
  custom:video-decoder-webm-vp8: 9c59270c3fd7afecdb556c50c9e8de78 -> 
  custom:graphics/normal-map-encoding: 01000000000000000000000000000000 -> 02000000000000000000000000000000
  custom:audio-decoder-ogg-vorbis: bf7c407c2cedff20999df2af8eb42d56 -> 
  custom:audio-encoder-webm-vorbis: bf7c407c2cedff20999df2af8eb42d56 -> 
========================================================================
Received Prepare
Registering precompiled user dll's ...
Registered in 0.006024 seconds.
Begin MonoManager ReloadAssembly
Native extension for WindowsStandalone target not found
Refreshing native plugins compatible for Editor in 0.55 ms, found 2 plugins.
Preloading 0 native plugins for Editor in 0.00 ms.
Mono: successfully reloaded assembly
- Completed reload, in  0.922 seconds
Platform modules already initialized, skipping
Switching build target platform(19) subTarget(0) extendedPlatform(0) -> platform(13) subTarget(524288) extendedPlatform(0)
Shader 'Universal Render Pipeline/Particles/Lit': fallback shader 'Universal Render Pipeline/Particles/SimpleLit' not found
Shader 'Universal Render Pipeline/Particles/Lit': fallback shader 'Universal Render Pipeline/Particles/SimpleLit' not found
Refreshing native plugins compatible for Editor in 0.52 ms, found 2 plugins.
Preloading 0 native plugins for Editor in 0.00 ms.
Unloading 3040 Unused Serialized files (Serialized files now loaded: 0)
System memory in use before: 136.3 MB.
System memory in use after: 133.5 MB.

Unloading 51 unused Assets to reduce memory usage. Loaded Objects now: 3747.
Total: 3.981700 ms (FindLiveObjects: 0.302700 ms CreateObjectMapping: 0.125600 ms MarkObjects: 2.147700 ms  DeleteObjects: 1.404900 ms)

AssetImportParameters requested are different than current active one (requested -> active):
  custom:framework-win-MediaFoundation: 216162199b28c13a410421893ffa2e32 -> 
  custom:video-decoder-ogg-theora: a1e56fd34408186e4bbccfd4996cb3dc -> 
  custom:container-muxer-webm: aa71ff27fc2769a1b78a27578f13a17b -> 
  custom:container-demuxer-webm: 4f35f7cbe854078d1ac9338744f61a02 -> 
  custom:container-demuxer-ogg: 62fdf1f143b41e24485cea50d1cbac27 -> 
  custom:video-encoder-webm-vp8: eb34c28f22e8b96e1ab97ce403110664 -> 
  custom:video-codec-MediaFoundation-h265: 746d11721c4dcdbdad8f713fa42b33f4 -> 
  custom:video-decoder-webm-vp8: 9c59270c3fd7afecdb556c50c9e8de78 -> 
  custom:graphics/normal-map-encoding: 01000000000000000000000000000000 -> 02000000000000000000000000000000
  custom:audio-decoder-ogg-vorbis: bf7c407c2cedff20999df2af8eb42d56 -> 
  custom:audio-encoder-webm-vorbis: bf7c407c2cedff20999df2af8eb42d56 -> 
========================================================================
Received Import Request.
  Time since last request: 71.289042 seconds.
  path: Assets/Items/Prefabs/balloon1.prefab
  artifactKey: Guid(cb584ef685d16436d9e0e318f8ef950e) Importer(815301076,1909f56bfc062723c751e8b465ee728b)
Start importing Assets/Items/Prefabs/balloon1.prefab using Guid(cb584ef685d16436d9e0e318f8ef950e) Importer(815301076,1909f56bfc062723c751e8b465ee728b)  -> (artifact id: '32461369d321c6295c665f3b2459f355') in 0.310755 seconds 
  Import took 0.315898 seconds .

========================================================================
Received Import Request.
  Time since last request: 0.044548 seconds.
  path: Assets/Items/Prefabs/balloon1.prefab
  artifactKey: Guid(cb584ef685d16436d9e0e318f8ef950e) Importer(815301076,1909f56bfc062723c751e8b465ee728b)
Start importing Assets/Items/Prefabs/balloon1.prefab using Guid(cb584ef685d16436d9e0e318f8ef950e) Importer(815301076,1909f56bfc062723c751e8b465ee728b)  -> (artifact id: '32461369d321c6295c665f3b2459f355') in 0.172298 seconds 
  Import took 0.177076 seconds .

========================================================================
Received Import Request.
  Time since last request: 1.780309 seconds.
  path: Assets/Items/Prefabs/balloon2.prefab
  artifactKey: Guid(9a294644b277347a081ed92a8408399e) Importer(815301076,1909f56bfc062723c751e8b465ee728b)
Start importing Assets/Items/Prefabs/balloon2.prefab using Guid(9a294644b277347a081ed92a8408399e) Importer(815301076,1909f56bfc062723c751e8b465ee728b)  -> (artifact id: '627cded73f3942ea24dbd47f252ff2fc') in 0.172115 seconds 
  Import took 0.176742 seconds .

========================================================================
Received Import Request.
  Time since last request: 2.356699 seconds.
  path: Assets/Items/Prefabs/balloon3.prefab
  artifactKey: Guid(bdf6eeb1b216c410c8f80921076cfe27) Importer(815301076,1909f56bfc062723c751e8b465ee728b)
Start importing Assets/Items/Prefabs/balloon3.prefab using Guid(bdf6eeb1b216c410c8f80921076cfe27) Importer(815301076,1909f56bfc062723c751e8b465ee728b)  -> (artifact id: 'a9fe60ee13a0226249c93833ca9d73dc') in 0.169984 seconds 
  Import took 0.174952 seconds .

========================================================================
Received Import Request.
  Time since last request: 94.297205 seconds.
  path: Assets/Settings/ForwardRenderer.asset
  artifactKey: Guid(4a8e21d5c33334b11b34a596161b9360) Importer(815301076,1909f56bfc062723c751e8b465ee728b)
Start importing Assets/Settings/ForwardRenderer.asset using Guid(4a8e21d5c33334b11b34a596161b9360) Importer(815301076,1909f56bfc062723c751e8b465ee728b)  -> (artifact id: '8876fd0e1d3801ba7f5336f0fe776c92') in 0.114928 seconds 
  Import took 0.119822 seconds .

========================================================================
Received Prepare
Registering precompiled user dll's ...
Registered in 0.006070 seconds.
Begin MonoManager ReloadAssembly
Native extension for WindowsStandalone target not found
Refreshing native plugins compatible for Editor in 0.53 ms, found 2 plugins.
Preloading 0 native plugins for Editor in 0.00 ms.
Mono: successfully reloaded assembly
- Completed reload, in  0.944 seconds
Platform modules already initialized, skipping
Switching build target platform(19) subTarget(0) extendedPlatform(0) -> platform(13) subTarget(524288) extendedPlatform(0)
Shader 'Universal Render Pipeline/Particles/Lit': fallback shader 'Universal Render Pipeline/Particles/SimpleLit' not found
Shader 'Universal Render Pipeline/Particles/Lit': fallback shader 'Universal Render Pipeline/Particles/SimpleLit' not found
Refreshing native plugins compatible for Editor in 0.55 ms, found 2 plugins.
Preloading 0 native plugins for Editor in 0.00 ms.
Unloading 3040 Unused Serialized files (Serialized files now loaded: 0)
System memory in use before: 136.5 MB.
System memory in use after: 133.7 MB.

Unloading 51 unused Assets to reduce memory usage. Loaded Objects now: 3787.
Total: 3.674700 ms (FindLiveObjects: 0.273500 ms CreateObjectMapping: 0.123100 ms MarkObjects: 1.928100 ms  DeleteObjects: 1.349100 ms)

AssetImportParameters requested are different than current active one (requested -> active):
  custom:framework-win-MediaFoundation: 216162199b28c13a410421893ffa2e32 -> 
  custom:video-decoder-ogg-theora: a1e56fd34408186e4bbccfd4996cb3dc -> 
  custom:container-muxer-webm: aa71ff27fc2769a1b78a27578f13a17b -> 
  custom:container-demuxer-webm: 4f35f7cbe854078d1ac9338744f61a02 -> 
  custom:container-demuxer-ogg: 62fdf1f143b41e24485cea50d1cbac27 -> 
  custom:video-encoder-webm-vp8: eb34c28f22e8b96e1ab97ce403110664 -> 
  custom:video-codec-MediaFoundation-h265: 746d11721c4dcdbdad8f713fa42b33f4 -> 
  custom:video-decoder-webm-vp8: 9c59270c3fd7afecdb556c50c9e8de78 -> 
  custom:graphics/normal-map-encoding: 01000000000000000000000000000000 -> 02000000000000000000000000000000
  custom:audio-decoder-ogg-vorbis: bf7c407c2cedff20999df2af8eb42d56 -> 
  custom:audio-encoder-webm-vorbis: bf7c407c2cedff20999df2af8eb42d56 -> 
========================================================================
Received Import Request.
  Time since last request: 31.661138 seconds.
  path: Assets/Smoke
  artifactKey: Guid(ac125a67fa88d45b4842e82acc4ebd80) Importer(815301076,1909f56bfc062723c751e8b465ee728b)
Start importing Assets/Smoke using Guid(ac125a67fa88d45b4842e82acc4ebd80) Importer(815301076,1909f56bfc062723c751e8b465ee728b)  -> (artifact id: 'a75a62e67901a91442653a702b9acd6f') in 0.114007 seconds 
  Import took 0.118308 seconds .

========================================================================
Received Import Request.
  Time since last request: 0.000285 seconds.
  path: Assets/Smoke/ParticleCloudWhite.png
  artifactKey: Guid(5b303ff28ad9368468a2edd759cf458d) Importer(815301076,1909f56bfc062723c751e8b465ee728b)
Start importing Assets/Smoke/ParticleCloudWhite.png using Guid(5b303ff28ad9368468a2edd759cf458d) Importer(815301076,1909f56bfc062723c751e8b465ee728b)  -> (artifact id: '728e00296091af1d54163c631f995e2a') in 0.140531 seconds 
  Import took 0.144515 seconds .

========================================================================
Received Import Request.
  Time since last request: 0.000301 seconds.
  path: Assets/Smoke/ParticleSmokeWhite.mat
  artifactKey: Guid(c50d77affeb31e14c9c062c282f13fc8) Importer(815301076,1909f56bfc062723c751e8b465ee728b)
Start importing Assets/Smoke/ParticleSmokeWhite.mat using Guid(c50d77affeb31e14c9c062c282f13fc8) Importer(815301076,1909f56bfc062723c751e8b465ee728b)  -> (artifact id: '6eb0154e47bfc85067794cee9a84c2bd') in 0.339930 seconds 
  Import took 0.343809 seconds .

========================================================================
Received Import Request.
  Time since last request: 0.000355 seconds.
  path: Assets/Smoke/Smoke.prefab
  artifactKey: Guid(1b9f4316433b24e92be0a740990a1e4d) Importer(815301076,1909f56bfc062723c751e8b465ee728b)
Start importing Assets/Smoke/Smoke.prefab using Guid(1b9f4316433b24e92be0a740990a1e4d) Importer(815301076,1909f56bfc062723c751e8b465ee728b)  -> (artifact id: '6ba68661350b8bcb021316b02181da41') in 0.084151 seconds 
  Import took 0.088204 seconds .

========================================================================
Received Prepare
Registering precompiled user dll's ...
Registered in 0.006553 seconds.
Begin MonoManager ReloadAssembly
Native extension for WindowsStandalone target not found
Refreshing native plugins compatible for Editor in 0.52 ms, found 2 plugins.
Preloading 0 native plugins for Editor in 0.00 ms.
Mono: successfully reloaded assembly
- Completed reload, in  0.938 seconds
Platform modules already initialized, skipping
Switching build target platform(19) subTarget(0) extendedPlatform(0) -> platform(13) subTarget(524288) extendedPlatform(0)
Shader 'Universal Render Pipeline/Particles/Lit': fallback shader 'Universal Render Pipeline/Particles/SimpleLit' not found
Shader 'Universal Render Pipeline/Particles/Lit': fallback shader 'Universal Render Pipeline/Particles/SimpleLit' not found
Refreshing native plugins compatible for Editor in 0.51 ms, found 2 plugins.
Preloading 0 native plugins for Editor in 0.00 ms.
Unloading 3040 Unused Serialized files (Serialized files now loaded: 0)
System memory in use before: 136.5 MB.
System memory in use after: 133.8 MB.

Unloading 51 unused Assets to reduce memory usage. Loaded Objects now: 3828.
Total: 4.675000 ms (FindLiveObjects: 0.327700 ms CreateObjectMapping: 0.154500 ms MarkObjects: 2.552200 ms  DeleteObjects: 1.639800 ms)

AssetImportParameters requested are different than current active one (requested -> active):
  custom:framework-win-MediaFoundation: 216162199b28c13a410421893ffa2e32 -> 
  custom:video-decoder-ogg-theora: a1e56fd34408186e4bbccfd4996cb3dc -> 
  custom:container-muxer-webm: aa71ff27fc2769a1b78a27578f13a17b -> 
  custom:container-demuxer-webm: 4f35f7cbe854078d1ac9338744f61a02 -> 
  custom:container-demuxer-ogg: 62fdf1f143b41e24485cea50d1cbac27 -> 
  custom:video-encoder-webm-vp8: eb34c28f22e8b96e1ab97ce403110664 -> 
  custom:video-codec-MediaFoundation-h265: 746d11721c4dcdbdad8f713fa42b33f4 -> 
  custom:video-decoder-webm-vp8: 9c59270c3fd7afecdb556c50c9e8de78 -> 
  custom:graphics/normal-map-encoding: 01000000000000000000000000000000 -> 02000000000000000000000000000000
  custom:audio-decoder-ogg-vorbis: bf7c407c2cedff20999df2af8eb42d56 -> 
  custom:audio-encoder-webm-vorbis: bf7c407c2cedff20999df2af8eb42d56 -> 
========================================================================
Received Import Request.
  Time since last request: 226.659321 seconds.
  path: ProjectSettings/ProjectSettings.asset
  artifactKey: Guid(00000000000000004000000000000000) Importer(815301076,1909f56bfc062723c751e8b465ee728b)
Start importing ProjectSettings/ProjectSettings.asset using Guid(00000000000000004000000000000000) Importer(815301076,1909f56bfc062723c751e8b465ee728b)  -> (artifact id: '3a014a65ad2785fd265ebc5b23b2b7bf') in 0.195102 seconds 
  Import took 0.199610 seconds .

========================================================================
Received Import Request.
  Time since last request: 20.606693 seconds.
  path: ProjectSettings/ProjectSettings.asset
  artifactKey: Guid(00000000000000004000000000000000) Importer(815301076,1909f56bfc062723c751e8b465ee728b)
Start importing ProjectSettings/ProjectSettings.asset using Guid(00000000000000004000000000000000) Importer(815301076,1909f56bfc062723c751e8b465ee728b)  -> (artifact id: '53b195fca1c5dcf981e9b22c142f1fff') in 0.150133 seconds 
  Import took 0.180937 seconds .

========================================================================
Received Prepare
Shader 'Universal Render Pipeline/Particles/Lit': fallback shader 'Universal Render Pipeline/Particles/SimpleLit' not found
Shader 'Universal Render Pipeline/Particles/Lit': fallback shader 'Universal Render Pipeline/Particles/SimpleLit' not found
Refreshing native plugins compatible for Editor in 2.97 ms, found 2 plugins.
Preloading 0 native plugins for Editor in 0.00 ms.
Unloading 48 Unused Serialized files (Serialized files now loaded: 0)
System memory in use before: 77.4 MB.
System memory in use after: 74.7 MB.

Unloading 50 unused Assets to reduce memory usage. Loaded Objects now: 3828.
Total: 4.567200 ms (FindLiveObjects: 0.288400 ms CreateObjectMapping: 0.106600 ms MarkObjects: 2.742900 ms  DeleteObjects: 1.428600 ms)

AssetImportParameters requested are different than current active one (requested -> active):
  custom:framework-win-MediaFoundation: 216162199b28c13a410421893ffa2e32 -> 
  custom:video-decoder-ogg-theora: a1e56fd34408186e4bbccfd4996cb3dc -> 
  custom:container-muxer-webm: aa71ff27fc2769a1b78a27578f13a17b -> 
  custom:container-demuxer-webm: 4f35f7cbe854078d1ac9338744f61a02 -> 
  custom:container-demuxer-ogg: 62fdf1f143b41e24485cea50d1cbac27 -> 
  custom:video-encoder-webm-vp8: eb34c28f22e8b96e1ab97ce403110664 -> 
  custom:video-codec-MediaFoundation-h265: 746d11721c4dcdbdad8f713fa42b33f4 -> 
  custom:video-decoder-webm-vp8: 9c59270c3fd7afecdb556c50c9e8de78 -> 
  custom:audio-decoder-ogg-vorbis: bf7c407c2cedff20999df2af8eb42d56 -> 
  custom:audio-encoder-webm-vorbis: bf7c407c2cedff20999df2af8eb42d56 -> 
AssetImportWorkerClient::OnTransportError - code=2 error=End of file
